[0.241s] Invoking command in '/home/victor/Documents/Controller_testing_repo/build/basic_mobile_robot': CMAKE_PREFIX_PATH=${CMAKE_PREFIX_PATH}:/opt/ros/humble /usr/bin/cmake --build /home/victor/Documents/Controller_testing_repo/build/basic_mobile_robot -- -j12 -l12
[0.276s] Invoked command in '/home/victor/Documents/Controller_testing_repo/build/basic_mobile_robot' returned '0': CMAKE_PREFIX_PATH=${CMAKE_PREFIX_PATH}:/opt/ros/humble /usr/bin/cmake --build /home/victor/Documents/Controller_testing_repo/build/basic_mobile_robot -- -j12 -l12
[0.306s] Invoking command in '/home/victor/Documents/Controller_testing_repo/build/basic_mobile_robot': CMAKE_PREFIX_PATH=${CMAKE_PREFIX_PATH}:/opt/ros/humble /usr/bin/cmake --install /home/victor/Documents/Controller_testing_repo/build/basic_mobile_robot
[0.313s] -- Install configuration: ""
[0.313s] -- Up-to-date: /home/victor/Documents/Controller_testing_repo/install/basic_mobile_robot/share/basic_mobile_robot/config
[0.313s] -- Up-to-date: /home/victor/Documents/Controller_testing_repo/install/basic_mobile_robot/share/basic_mobile_robot/config/ekf.yaml
[0.313s] -- Up-to-date: /home/victor/Documents/Controller_testing_repo/install/basic_mobile_robot/share/basic_mobile_robot/config/controllers.yaml
[0.313s] -- Up-to-date: /home/victor/Documents/Controller_testing_repo/install/basic_mobile_robot/share/basic_mobile_robot/launch
[0.314s] -- Up-to-date: /home/victor/Documents/Controller_testing_repo/install/basic_mobile_robot/share/basic_mobile_robot/launch/robot_state_publisher.launch.py
[0.314s] -- Up-to-date: /home/victor/Documents/Controller_testing_repo/install/basic_mobile_robot/share/basic_mobile_robot/launch/basic_mobile_bot_v5.launch.py
[0.314s] -- Up-to-date: /home/victor/Documents/Controller_testing_repo/install/basic_mobile_robot/share/basic_mobile_robot/launch/basic_mobile_bot_v2.launch.py
[0.314s] -- Up-to-date: /home/victor/Documents/Controller_testing_repo/install/basic_mobile_robot/share/basic_mobile_robot/launch/basic_mobile_bot_v4.launch.py
[0.314s] -- Up-to-date: /home/victor/Documents/Controller_testing_repo/install/basic_mobile_robot/share/basic_mobile_robot/launch/basic_mobile_bot_v3.launch.py
[0.314s] -- Up-to-date: /home/victor/Documents/Controller_testing_repo/install/basic_mobile_robot/share/basic_mobile_robot/launch/basic_mobile_bot_v1.launch.py
[0.314s] -- Up-to-date: /home/victor/Documents/Controller_testing_repo/install/basic_mobile_robot/share/basic_mobile_robot/maps
[0.314s] -- Up-to-date: /home/victor/Documents/Controller_testing_repo/install/basic_mobile_robot/share/basic_mobile_robot/maps/smalltown_world.pgm
[0.314s] -- Up-to-date: /home/victor/Documents/Controller_testing_repo/install/basic_mobile_robot/share/basic_mobile_robot/maps/smalltown_world.yaml
[0.314s] -- Up-to-date: /home/victor/Documents/Controller_testing_repo/install/basic_mobile_robot/share/basic_mobile_robot/meshes
[0.314s] -- Up-to-date: /home/victor/Documents/Controller_testing_repo/install/basic_mobile_robot/share/basic_mobile_robot/meshes/base_link.stl
[0.314s] -- Up-to-date: /home/victor/Documents/Controller_testing_repo/install/basic_mobile_robot/share/basic_mobile_robot/meshes/wheel.stl
[0.314s] -- Up-to-date: /home/victor/Documents/Controller_testing_repo/install/basic_mobile_robot/share/basic_mobile_robot/meshes/base_link.dae
[0.315s] -- Up-to-date: /home/victor/Documents/Controller_testing_repo/install/basic_mobile_robot/share/basic_mobile_robot/meshes/fork.stl
[0.315s] -- Up-to-date: /home/victor/Documents/Controller_testing_repo/install/basic_mobile_robot/share/basic_mobile_robot/meshes/fork.dae
[0.315s] -- Up-to-date: /home/victor/Documents/Controller_testing_repo/install/basic_mobile_robot/share/basic_mobile_robot/meshes/wheel.dae
[0.315s] -- Up-to-date: /home/victor/Documents/Controller_testing_repo/install/basic_mobile_robot/share/basic_mobile_robot/models
[0.315s] -- Up-to-date: /home/victor/Documents/Controller_testing_repo/install/basic_mobile_robot/share/basic_mobile_robot/models/forklift_robot.urdf
[0.315s] -- Up-to-date: /home/victor/Documents/Controller_testing_repo/install/basic_mobile_robot/share/basic_mobile_robot/models/basic_mobile_bot_v1.urdf
[0.315s] -- Up-to-date: /home/victor/Documents/Controller_testing_repo/install/basic_mobile_robot/share/basic_mobile_robot/models/basic_mobile_bot_v2.urdf
[0.315s] -- Up-to-date: /home/victor/Documents/Controller_testing_repo/install/basic_mobile_robot/share/basic_mobile_robot/models/basic_mobile_bot_description
[0.315s] -- Up-to-date: /home/victor/Documents/Controller_testing_repo/install/basic_mobile_robot/share/basic_mobile_robot/models/basic_mobile_bot_description/model.sdf
[0.315s] -- Up-to-date: /home/victor/Documents/Controller_testing_repo/install/basic_mobile_robot/share/basic_mobile_robot/models/basic_mobile_bot_description/model.config
[0.315s] -- Up-to-date: /home/victor/Documents/Controller_testing_repo/install/basic_mobile_robot/share/basic_mobile_robot/models/basic_mobile_bot_description/meshes
[0.316s] -- Up-to-date: /home/victor/Documents/Controller_testing_repo/install/basic_mobile_robot/share/basic_mobile_robot/models/basic_mobile_bot_description/meshes/base_link.stl
[0.316s] -- Up-to-date: /home/victor/Documents/Controller_testing_repo/install/basic_mobile_robot/share/basic_mobile_robot/models/basic_mobile_bot_description/meshes/wheel.stl
[0.317s] -- Up-to-date: /home/victor/Documents/Controller_testing_repo/install/basic_mobile_robot/share/basic_mobile_robot/models/basic_mobile_bot_description/meshes/base_link.dae
[0.317s] -- Up-to-date: /home/victor/Documents/Controller_testing_repo/install/basic_mobile_robot/share/basic_mobile_robot/models/basic_mobile_bot_description/meshes/fork.stl
[0.317s] -- Up-to-date: /home/victor/Documents/Controller_testing_repo/install/basic_mobile_robot/share/basic_mobile_robot/models/basic_mobile_bot_description/meshes/fork.dae
[0.317s] -- Up-to-date: /home/victor/Documents/Controller_testing_repo/install/basic_mobile_robot/share/basic_mobile_robot/models/basic_mobile_bot_description/meshes/wheel.dae
[0.318s] -- Up-to-date: /home/victor/Documents/Controller_testing_repo/install/basic_mobile_robot/share/basic_mobile_robot/params
[0.318s] -- Up-to-date: /home/victor/Documents/Controller_testing_repo/install/basic_mobile_robot/share/basic_mobile_robot/params/nav2_params.yaml
[0.319s] -- Up-to-date: /home/victor/Documents/Controller_testing_repo/install/basic_mobile_robot/share/basic_mobile_robot/rviz
[0.319s] -- Up-to-date: /home/victor/Documents/Controller_testing_repo/install/basic_mobile_robot/share/basic_mobile_robot/rviz/urdf_config.rviz
[0.319s] -- Up-to-date: /home/victor/Documents/Controller_testing_repo/install/basic_mobile_robot/share/basic_mobile_robot/rviz/nav2_config.rviz
[0.320s] -- Up-to-date: /home/victor/Documents/Controller_testing_repo/install/basic_mobile_robot/share/basic_mobile_robot/worlds
[0.320s] -- Up-to-date: /home/victor/Documents/Controller_testing_repo/install/basic_mobile_robot/share/basic_mobile_robot/worlds/basic_mobile_bot_world
[0.320s] -- Up-to-date: /home/victor/Documents/Controller_testing_repo/install/basic_mobile_robot/share/basic_mobile_robot/worlds/basic_mobile_bot_world/smalltown.world
[0.320s] -- Up-to-date: /home/victor/Documents/Controller_testing_repo/install/basic_mobile_robot/share/ament_index/resource_index/package_run_dependencies/basic_mobile_robot
[0.321s] -- Up-to-date: /home/victor/Documents/Controller_testing_repo/install/basic_mobile_robot/share/ament_index/resource_index/parent_prefix_path/basic_mobile_robot
[0.321s] -- Up-to-date: /home/victor/Documents/Controller_testing_repo/install/basic_mobile_robot/share/basic_mobile_robot/environment/ament_prefix_path.sh
[0.321s] -- Up-to-date: /home/victor/Documents/Controller_testing_repo/install/basic_mobile_robot/share/basic_mobile_robot/environment/ament_prefix_path.dsv
[0.322s] -- Up-to-date: /home/victor/Documents/Controller_testing_repo/install/basic_mobile_robot/share/basic_mobile_robot/environment/path.sh
[0.322s] -- Up-to-date: /home/victor/Documents/Controller_testing_repo/install/basic_mobile_robot/share/basic_mobile_robot/environment/path.dsv
[0.322s] -- Up-to-date: /home/victor/Documents/Controller_testing_repo/install/basic_mobile_robot/share/basic_mobile_robot/local_setup.bash
[0.322s] -- Up-to-date: /home/victor/Documents/Controller_testing_repo/install/basic_mobile_robot/share/basic_mobile_robot/local_setup.sh
[0.323s] -- Up-to-date: /home/victor/Documents/Controller_testing_repo/install/basic_mobile_robot/share/basic_mobile_robot/local_setup.zsh
[0.323s] -- Up-to-date: /home/victor/Documents/Controller_testing_repo/install/basic_mobile_robot/share/basic_mobile_robot/local_setup.dsv
[0.323s] -- Up-to-date: /home/victor/Documents/Controller_testing_repo/install/basic_mobile_robot/share/basic_mobile_robot/package.dsv
[0.323s] -- Up-to-date: /home/victor/Documents/Controller_testing_repo/install/basic_mobile_robot/share/ament_index/resource_index/packages/basic_mobile_robot
[0.324s] -- Up-to-date: /home/victor/Documents/Controller_testing_repo/install/basic_mobile_robot/share/basic_mobile_robot/cmake/basic_mobile_robotConfig.cmake
[0.324s] -- Up-to-date: /home/victor/Documents/Controller_testing_repo/install/basic_mobile_robot/share/basic_mobile_robot/cmake/basic_mobile_robotConfig-version.cmake
[0.325s] -- Up-to-date: /home/victor/Documents/Controller_testing_repo/install/basic_mobile_robot/share/basic_mobile_robot/package.xml
[0.330s] Invoked command in '/home/victor/Documents/Controller_testing_repo/build/basic_mobile_robot' returned '0': CMAKE_PREFIX_PATH=${CMAKE_PREFIX_PATH}:/opt/ros/humble /usr/bin/cmake --install /home/victor/Documents/Controller_testing_repo/build/basic_mobile_robot
