-- Install configuration: ""
-- Installing: /home/victor/Documents/Controller_testing_repo/install/gazebo_simulation/share/gazebo_simulation//launch
-- Installing: /home/victor/Documents/Controller_testing_repo/install/gazebo_simulation/share/gazebo_simulation//launch/robot_state_publisher.launch.py
-- Installing: /home/victor/Documents/Controller_testing_repo/install/gazebo_simulation/share/gazebo_simulation//launch/robot_sim.launch.py
-- Installing: /home/victor/Documents/Controller_testing_repo/install/gazebo_simulation/share/gazebo_simulation//models
-- Installing: /home/victor/Documents/Controller_testing_repo/install/gazebo_simulation/share/gazebo_simulation//models/rs_robot
-- Installing: /home/victor/Documents/Controller_testing_repo/install/gazebo_simulation/share/gazebo_simulation//models/rs_robot/config
-- Installing: /home/victor/Documents/Controller_testing_repo/install/gazebo_simulation/share/gazebo_simulation//models/rs_robot/config/controllers.yaml
-- Installing: /home/victor/Documents/Controller_testing_repo/install/gazebo_simulation/share/gazebo_simulation//models/rs_robot/model.config
-- Installing: /home/victor/Documents/Controller_testing_repo/install/gazebo_simulation/share/gazebo_simulation//models/rs_robot/meshes
-- Installing: /home/victor/Documents/Controller_testing_repo/install/gazebo_simulation/share/gazebo_simulation//models/rs_robot/meshes/STL
-- Installing: /home/victor/Documents/Controller_testing_repo/install/gazebo_simulation/share/gazebo_simulation//models/rs_robot/meshes/STL/suspension
-- Installing: /home/victor/Documents/Controller_testing_repo/install/gazebo_simulation/share/gazebo_simulation//models/rs_robot/meshes/STL/suspension/FRONT_LEFT_LINKSTL.stl
-- Installing: /home/victor/Documents/Controller_testing_repo/install/gazebo_simulation/share/gazebo_simulation//models/rs_robot/meshes/STL/suspension/REAR_LEFT_LINKSTL.stl
-- Installing: /home/victor/Documents/Controller_testing_repo/install/gazebo_simulation/share/gazebo_simulation//models/rs_robot/meshes/STL/suspension/REAR_RIGHT_LINKSTL.stl
-- Installing: /home/victor/Documents/Controller_testing_repo/install/gazebo_simulation/share/gazebo_simulation//models/rs_robot/meshes/STL/suspension/FRONT_RIGHT_LINKSTL.stl
-- Installing: /home/victor/Documents/Controller_testing_repo/install/gazebo_simulation/share/gazebo_simulation//models/rs_robot/meshes/STL/suspension/sus_link.stl
-- Installing: /home/victor/Documents/Controller_testing_repo/install/gazebo_simulation/share/gazebo_simulation//models/rs_robot/meshes/STL/sensors
-- Installing: /home/victor/Documents/Controller_testing_repo/install/gazebo_simulation/share/gazebo_simulation//models/rs_robot/meshes/STL/sensors/front_lrf
-- Installing: /home/victor/Documents/Controller_testing_repo/install/gazebo_simulation/share/gazebo_simulation//models/rs_robot/meshes/STL/sensors/front_lrf/front_lrf.stl
-- Installing: /home/victor/Documents/Controller_testing_repo/install/gazebo_simulation/share/gazebo_simulation//models/rs_robot/meshes/STL/sensors/gim30
-- Installing: /home/victor/Documents/Controller_testing_repo/install/gazebo_simulation/share/gazebo_simulation//models/rs_robot/meshes/STL/sensors/gim30/gim30.stl
-- Installing: /home/victor/Documents/Controller_testing_repo/install/gazebo_simulation/share/gazebo_simulation//models/rs_robot/meshes/STL/sensors/rear_lrf
-- Installing: /home/victor/Documents/Controller_testing_repo/install/gazebo_simulation/share/gazebo_simulation//models/rs_robot/meshes/STL/sensors/rear_lrf/rear_lrf.stl
-- Installing: /home/victor/Documents/Controller_testing_repo/install/gazebo_simulation/share/gazebo_simulation//models/rs_robot/meshes/STL/sensors/gps
-- Installing: /home/victor/Documents/Controller_testing_repo/install/gazebo_simulation/share/gazebo_simulation//models/rs_robot/meshes/STL/sensors/gps/gps.stl
-- Installing: /home/victor/Documents/Controller_testing_repo/install/gazebo_simulation/share/gazebo_simulation//models/rs_robot/meshes/STL/lidar_head
-- Installing: /home/victor/Documents/Controller_testing_repo/install/gazebo_simulation/share/gazebo_simulation//models/rs_robot/meshes/STL/lidar_head/YDlidar_head v4.stl
-- Installing: /home/victor/Documents/Controller_testing_repo/install/gazebo_simulation/share/gazebo_simulation//models/rs_robot/meshes/STL/lidar_base
-- Installing: /home/victor/Documents/Controller_testing_repo/install/gazebo_simulation/share/gazebo_simulation//models/rs_robot/meshes/STL/lidar_base/YDlidar_base.stl
-- Installing: /home/victor/Documents/Controller_testing_repo/install/gazebo_simulation/share/gazebo_simulation//models/rs_robot/meshes/STL/base
-- Installing: /home/victor/Documents/Controller_testing_repo/install/gazebo_simulation/share/gazebo_simulation//models/rs_robot/meshes/STL/base/base_link.stl
-- Installing: /home/victor/Documents/Controller_testing_repo/install/gazebo_simulation/share/gazebo_simulation//models/rs_robot/meshes/STL/base/base_link_old.stl
-- Installing: /home/victor/Documents/Controller_testing_repo/install/gazebo_simulation/share/gazebo_simulation//models/rs_robot/meshes/STL/wheel
-- Installing: /home/victor/Documents/Controller_testing_repo/install/gazebo_simulation/share/gazebo_simulation//models/rs_robot/meshes/STL/wheel/robot_wheel.stl
-- Installing: /home/victor/Documents/Controller_testing_repo/install/gazebo_simulation/share/gazebo_simulation//models/rs_robot/meshes/DAE
-- Installing: /home/victor/Documents/Controller_testing_repo/install/gazebo_simulation/share/gazebo_simulation//models/rs_robot/meshes/DAE/suspension
-- Installing: /home/victor/Documents/Controller_testing_repo/install/gazebo_simulation/share/gazebo_simulation//models/rs_robot/meshes/DAE/suspension/rear_right_link.dae
-- Installing: /home/victor/Documents/Controller_testing_repo/install/gazebo_simulation/share/gazebo_simulation//models/rs_robot/meshes/DAE/suspension/front_left_link.dae
-- Installing: /home/victor/Documents/Controller_testing_repo/install/gazebo_simulation/share/gazebo_simulation//models/rs_robot/meshes/DAE/suspension/front_right_link.dae
-- Installing: /home/victor/Documents/Controller_testing_repo/install/gazebo_simulation/share/gazebo_simulation//models/rs_robot/meshes/DAE/suspension/rear_left_link.dae
-- Installing: /home/victor/Documents/Controller_testing_repo/install/gazebo_simulation/share/gazebo_simulation//models/rs_robot/meshes/DAE/sensors
-- Installing: /home/victor/Documents/Controller_testing_repo/install/gazebo_simulation/share/gazebo_simulation//models/rs_robot/meshes/DAE/sensors/front_lrf
-- Installing: /home/victor/Documents/Controller_testing_repo/install/gazebo_simulation/share/gazebo_simulation//models/rs_robot/meshes/DAE/sensors/front_lrf/lrf_texture.png
-- Installing: /home/victor/Documents/Controller_testing_repo/install/gazebo_simulation/share/gazebo_simulation//models/rs_robot/meshes/DAE/sensors/front_lrf/front_lrf.dae
-- Installing: /home/victor/Documents/Controller_testing_repo/install/gazebo_simulation/share/gazebo_simulation//models/rs_robot/meshes/DAE/sensors/gim30
-- Installing: /home/victor/Documents/Controller_testing_repo/install/gazebo_simulation/share/gazebo_simulation//models/rs_robot/meshes/DAE/sensors/gim30/gim30_lrf_texture.png
-- Installing: /home/victor/Documents/Controller_testing_repo/install/gazebo_simulation/share/gazebo_simulation//models/rs_robot/meshes/DAE/sensors/gim30/gim30.dae
-- Installing: /home/victor/Documents/Controller_testing_repo/install/gazebo_simulation/share/gazebo_simulation//models/rs_robot/meshes/DAE/sensors/rear_lrf
-- Installing: /home/victor/Documents/Controller_testing_repo/install/gazebo_simulation/share/gazebo_simulation//models/rs_robot/meshes/DAE/sensors/rear_lrf/urg_texture.png
-- Installing: /home/victor/Documents/Controller_testing_repo/install/gazebo_simulation/share/gazebo_simulation//models/rs_robot/meshes/DAE/sensors/rear_lrf/rear_lrf.dae
-- Installing: /home/victor/Documents/Controller_testing_repo/install/gazebo_simulation/share/gazebo_simulation//models/rs_robot/meshes/DAE/sensors/camera
-- Installing: /home/victor/Documents/Controller_testing_repo/install/gazebo_simulation/share/gazebo_simulation//models/rs_robot/meshes/DAE/sensors/camera/camera.dae
-- Installing: /home/victor/Documents/Controller_testing_repo/install/gazebo_simulation/share/gazebo_simulation//models/rs_robot/meshes/DAE/sensors/gps
-- Installing: /home/victor/Documents/Controller_testing_repo/install/gazebo_simulation/share/gazebo_simulation//models/rs_robot/meshes/DAE/sensors/gps/gps_texture.png
-- Installing: /home/victor/Documents/Controller_testing_repo/install/gazebo_simulation/share/gazebo_simulation//models/rs_robot/meshes/DAE/sensors/gps/gps.dae
-- Installing: /home/victor/Documents/Controller_testing_repo/install/gazebo_simulation/share/gazebo_simulation//models/rs_robot/meshes/DAE/lidar_head
-- Installing: /home/victor/Documents/Controller_testing_repo/install/gazebo_simulation/share/gazebo_simulation//models/rs_robot/meshes/DAE/lidar_head/YDlidar_head.dae
-- Installing: /home/victor/Documents/Controller_testing_repo/install/gazebo_simulation/share/gazebo_simulation//models/rs_robot/meshes/DAE/lidar_base
-- Installing: /home/victor/Documents/Controller_testing_repo/install/gazebo_simulation/share/gazebo_simulation//models/rs_robot/meshes/DAE/lidar_base/YDlidar_base.dae
-- Installing: /home/victor/Documents/Controller_testing_repo/install/gazebo_simulation/share/gazebo_simulation//models/rs_robot/meshes/DAE/base
-- Installing: /home/victor/Documents/Controller_testing_repo/install/gazebo_simulation/share/gazebo_simulation//models/rs_robot/meshes/DAE/base/base_linkOLD.dae
-- Installing: /home/victor/Documents/Controller_testing_repo/install/gazebo_simulation/share/gazebo_simulation//models/rs_robot/meshes/DAE/base/base_link.dae
-- Installing: /home/victor/Documents/Controller_testing_repo/install/gazebo_simulation/share/gazebo_simulation//models/rs_robot/meshes/DAE/wheel
-- Installing: /home/victor/Documents/Controller_testing_repo/install/gazebo_simulation/share/gazebo_simulation//models/rs_robot/meshes/DAE/wheel/wheel_link.dae
-- Installing: /home/victor/Documents/Controller_testing_repo/install/gazebo_simulation/share/gazebo_simulation//models/rs_robot/rs_robot.sdf
-- Installing: /home/victor/Documents/Controller_testing_repo/install/gazebo_simulation/share/gazebo_simulation//worlds
-- Installing: /home/victor/Documents/Controller_testing_repo/install/gazebo_simulation/share/gazebo_simulation//worlds/4ws_world.model
-- Installing: /home/victor/Documents/Controller_testing_repo/install/gazebo_simulation/share/gazebo_simulation//urdf
-- Installing: /home/victor/Documents/Controller_testing_repo/install/gazebo_simulation/share/gazebo_simulation//urdf/rs_robot.urdf
-- Installing: /home/victor/Documents/Controller_testing_repo/install/gazebo_simulation/lib/gazebo_simulation/robot_sim.launch.py
-- Installing: /home/victor/Documents/Controller_testing_repo/install/gazebo_simulation/lib/gazebo_simulation/robot_state_publisher.launch.py
-- Installing: /home/victor/Documents/Controller_testing_repo/install/gazebo_simulation/share/ament_index/resource_index/package_run_dependencies/gazebo_simulation
-- Installing: /home/victor/Documents/Controller_testing_repo/install/gazebo_simulation/share/ament_index/resource_index/parent_prefix_path/gazebo_simulation
-- Installing: /home/victor/Documents/Controller_testing_repo/install/gazebo_simulation/share/gazebo_simulation/environment/ament_prefix_path.sh
-- Installing: /home/victor/Documents/Controller_testing_repo/install/gazebo_simulation/share/gazebo_simulation/environment/ament_prefix_path.dsv
-- Installing: /home/victor/Documents/Controller_testing_repo/install/gazebo_simulation/share/gazebo_simulation/environment/path.sh
-- Installing: /home/victor/Documents/Controller_testing_repo/install/gazebo_simulation/share/gazebo_simulation/environment/path.dsv
-- Installing: /home/victor/Documents/Controller_testing_repo/install/gazebo_simulation/share/gazebo_simulation/local_setup.bash
-- Installing: /home/victor/Documents/Controller_testing_repo/install/gazebo_simulation/share/gazebo_simulation/local_setup.sh
-- Installing: /home/victor/Documents/Controller_testing_repo/install/gazebo_simulation/share/gazebo_simulation/local_setup.zsh
-- Installing: /home/victor/Documents/Controller_testing_repo/install/gazebo_simulation/share/gazebo_simulation/local_setup.dsv
-- Installing: /home/victor/Documents/Controller_testing_repo/install/gazebo_simulation/share/gazebo_simulation/package.dsv
-- Installing: /home/victor/Documents/Controller_testing_repo/install/gazebo_simulation/share/ament_index/resource_index/packages/gazebo_simulation
-- Installing: /home/victor/Documents/Controller_testing_repo/install/gazebo_simulation/share/gazebo_simulation/cmake/ament_cmake_export_include_directories-extras.cmake
-- Installing: /home/victor/Documents/Controller_testing_repo/install/gazebo_simulation/share/gazebo_simulation/cmake/ament_cmake_export_dependencies-extras.cmake
-- Installing: /home/victor/Documents/Controller_testing_repo/install/gazebo_simulation/share/gazebo_simulation/cmake/gazebo_simulationConfig.cmake
-- Installing: /home/victor/Documents/Controller_testing_repo/install/gazebo_simulation/share/gazebo_simulation/cmake/gazebo_simulationConfig-version.cmake
-- Installing: /home/victor/Documents/Controller_testing_repo/install/gazebo_simulation/share/gazebo_simulation/package.xml
