[0.073s] Invoking command in '/home/victor/Documents/Controller_testing_repo/build/gazebo_simulation': CMAKE_PREFIX_PATH=${CMAKE_PREFIX_PATH}:/opt/ros/humble /usr/bin/cmake /home/victor/Documents/Controller_testing_repo/gazebo_simulation -DCMAKE_INSTALL_PREFIX=/home/victor/Documents/Controller_testing_repo/install/gazebo_simulation
[0.157s] -- The C compiler identification is GNU 11.4.0
[0.233s] -- The CXX compiler identification is GNU 11.4.0
[0.242s] -- Detecting C compiler ABI info
[0.310s] -- Detecting C compiler ABI info - done
[0.318s] -- Check for working C compiler: /usr/bin/cc - skipped
[0.318s] -- Detecting C compile features
[0.319s] -- Detecting C compile features - done
[0.323s] -- Detecting CXX compiler ABI info
[0.398s] -- Detecting CXX compiler ABI info - done
[0.410s] -- Check for working CXX compiler: /usr/bin/c++ - skipped
[0.411s] -- Detecting CXX compile features
[0.411s] -- Detecting CXX compile features - done
[0.414s] -- Found ament_cmake: 1.3.6 (/opt/ros/humble/share/ament_cmake/cmake)
[0.572s] -- Found Python3: /usr/bin/python3.10 (found version "3.10.12") found components: Interpreter 
[0.679s] [33mCMake Warning (dev) at /usr/share/cmake-3.22/Modules/FindPackageHandleStandardArgs.cmake:438 (message):
[0.680s]   The package name passed to `find_package_handle_standard_args` (PkgConfig)
[0.680s]   does not match the name of the calling package (gazebo).  This can lead to
[0.680s]   problems in calling code that expects `find_package` result variables
[0.680s]   (e.g., `_FOUND`) to follow a certain pattern.
[0.680s] Call Stack (most recent call first):
[0.680s]   /usr/share/cmake-3.22/Modules/FindPkgConfig.cmake:99 (find_package_handle_standard_args)
[0.680s]   /usr/lib/x86_64-linux-gnu/cmake/gazebo/gazebo-config.cmake:72 (include)
[0.680s]   CMakeLists.txt:20 (find_package)
[0.680s] This warning is for project developers.  Use -Wno-dev to suppress it.
[0.681s] [0m
[0.681s] -- Found PkgConfig: /usr/bin/pkg-config (found version "0.29.2") 
[0.684s] -- Checking for module 'bullet>=2.82'
[0.697s] --   Found bullet, version 3.05
[0.805s] -- Found fcl: /usr/include (found suitable version "0.7.0", minimum required is "0.5.0") 
[0.855s] -- Found assimp: /usr/include (found version "5.2.0") 
[0.881s] -- Found DART: /usr/include (Required is at least version "6.6") found components: dart 
[1.053s] -- Found Boost: /usr/lib/x86_64-linux-gnu/cmake/Boost-1.74.0/BoostConfig.cmake (found suitable version "1.74.0", minimum required is "1.40.0") found components: thread system filesystem program_options regex iostreams date_time 
[1.073s] -- Found Protobuf: /usr/lib/x86_64-linux-gnu/libprotobuf.so (found version "3.12.4") 
[1.078s] -- Looking for ignition-math6 -- found version 6.15.1
[1.087s] -- Searching for dependencies of ignition-math6
[1.089s] -- Looking for OGRE...
[1.089s] -- OGRE_PREFIX_WATCH changed.
[1.094s] -- Checking for module 'OGRE'
[1.107s] --   Found OGRE, version 1.9.0
[1.136s] -- Found Ogre Ghadamon (1.9.0)
[1.145s] -- Found OGRE: optimized;/usr/lib/x86_64-linux-gnu/libOgreMain.so;debug;/usr/lib/x86_64-linux-gnu/libOgreMain.so
[1.154s] -- Looking for OGRE_Paging...
[1.158s] -- Found OGRE_Paging: optimized;/usr/lib/x86_64-linux-gnu/libOgrePaging.so;debug;/usr/lib/x86_64-linux-gnu/libOgrePaging.so
[1.158s] -- Looking for OGRE_Terrain...
[1.163s] -- Found OGRE_Terrain: optimized;/usr/lib/x86_64-linux-gnu/libOgreTerrain.so;debug;/usr/lib/x86_64-linux-gnu/libOgreTerrain.so
[1.163s] -- Looking for OGRE_Property...
[1.167s] -- Found OGRE_Property: optimized;/usr/lib/x86_64-linux-gnu/libOgreProperty.so;debug;/usr/lib/x86_64-linux-gnu/libOgreProperty.so
[1.167s] -- Looking for OGRE_RTShaderSystem...
[1.172s] -- Found OGRE_RTShaderSystem: optimized;/usr/lib/x86_64-linux-gnu/libOgreRTShaderSystem.so;debug;/usr/lib/x86_64-linux-gnu/libOgreRTShaderSystem.so
[1.172s] -- Looking for OGRE_Volume...
[1.177s] -- Found OGRE_Volume: optimized;/usr/lib/x86_64-linux-gnu/libOgreVolume.so;debug;/usr/lib/x86_64-linux-gnu/libOgreVolume.so
[1.177s] -- Looking for OGRE_Overlay...
[1.181s] -- Found OGRE_Overlay: optimized;/usr/lib/x86_64-linux-gnu/libOgreOverlay.so;debug;/usr/lib/x86_64-linux-gnu/libOgreOverlay.so
[1.287s] -- Looking for ignition-math6 -- found version 6.15.1
[1.289s] -- Looking for ignition-transport8 -- found version 8.2.1
[1.289s] -- Searching for dependencies of ignition-transport8
[1.306s] -- Found Protobuf: /usr/lib/x86_64-linux-gnu/libprotobuf.so (found suitable version "3.12.4", minimum required is "3") 
[1.317s] -- Config-file not installed for ZeroMQ -- checking for pkg-config
[1.321s] -- Checking for module 'libzmq >= 4'
[1.335s] --   Found libzmq , version 4.3.4
[1.369s] -- Found ZeroMQ: TRUE (Required is at least version "4") 
[1.375s] -- Checking for module 'uuid'
[1.387s] --   Found uuid, version 2.37.2
[1.416s] -- Found UUID: TRUE  
[1.419s] -- Looking for ignition-msgs5 -- found version 5.8.1
[1.420s] -- Searching for dependencies of ignition-msgs5
[1.439s] -- Looking for ignition-math6 -- found version 6.15.1
[1.443s] -- Checking for module 'tinyxml2'
[1.455s] --   Found tinyxml2, version 9.0.0
[1.486s] -- Looking for ignition-msgs5 -- found version 5.8.1
[1.488s] -- Looking for ignition-common3 -- found version 3.14.0
[1.489s] -- Searching for dependencies of ignition-common3
[1.489s] -- Looking for dlfcn.h - found
[1.490s] -- Looking for libdl - found
[1.491s] -- Found DL: TRUE  
[1.502s] -- Found tinyobjloader: /usr/lib/x86_64-linux-gnu/cmake/tinyobjloader/tinyobjloader-config.cmake (found version "2.0.0") 
[1.502s] -- Searching for <ignition-common3> component [graphics]
[1.505s] -- Looking for ignition-common3-graphics -- found version 3.14.0
[1.505s] -- Searching for dependencies of ignition-common3-graphics
[1.506s] -- Looking for ignition-math6 -- found version 6.15.1
[1.509s] -- Looking for ignition-fuel_tools4 -- found version 4.4.0
[1.510s] -- Searching for dependencies of ignition-fuel_tools4
[1.581s] -- Found CURL: /usr/lib/x86_64-linux-gnu/libcurl.so (found version "7.81.0")  
[1.590s] -- Checking for module 'jsoncpp'
[1.602s] --   Found jsoncpp, version 1.9.5
[1.633s] -- Found JSONCPP: TRUE  
[1.639s] -- Checking for module 'libzip'
[1.651s] --   Found libzip, version 1.7.3
[1.681s] -- Found ZIP: TRUE  
[1.682s] -- Looking for ignition-common3 -- found version 3.14.0
[1.682s] -- Looking for ignition-math6 -- found version 6.15.1
[1.682s] -- Looking for ignition-msgs5 -- found version 5.8.1
[1.689s] -- Found gazebo_ros_pkgs: 3.7.0 (/opt/ros/humble/share/gazebo_ros_pkgs/cmake)
[1.690s] -- Found geometry_msgs: 4.2.3 (/opt/ros/humble/share/geometry_msgs/cmake)
[1.731s] -- Found rosidl_generator_c: 3.1.5 (/opt/ros/humble/share/rosidl_generator_c/cmake)
[1.737s] -- Found rosidl_adapter: 3.1.5 (/opt/ros/humble/share/rosidl_adapter/cmake)
[1.748s] -- Found rosidl_generator_cpp: 3.1.5 (/opt/ros/humble/share/rosidl_generator_cpp/cmake)
[1.765s] -- Using all available rosidl_typesupport_c: rosidl_typesupport_fastrtps_c;rosidl_typesupport_introspection_c
[1.789s] -- Using all available rosidl_typesupport_cpp: rosidl_typesupport_fastrtps_cpp;rosidl_typesupport_introspection_cpp
[1.918s] -- Found rclcpp: 16.0.7 (/opt/ros/humble/share/rclcpp/cmake)
[1.986s] -- Found rmw_implementation_cmake: 6.1.1 (/opt/ros/humble/share/rmw_implementation_cmake/cmake)
[1.990s] -- Found rmw_fastrtps_cpp: 6.2.5 (/opt/ros/humble/share/rmw_fastrtps_cpp/cmake)
[2.095s] -- Found OpenSSL: /usr/lib/x86_64-linux-gnu/libcrypto.so (found version "3.0.2")  
[2.121s] -- Found FastRTPS: /opt/ros/humble/include  
[2.169s] -- Using RMW implementation 'rmw_fastrtps_cpp' as default
[2.180s] -- Found Threads: TRUE  
[2.320s] -- Found sensor_msgs: 4.2.3 (/opt/ros/humble/share/sensor_msgs/cmake)
[2.409s] -- Found tf2: 0.25.5 (/opt/ros/humble/share/tf2/cmake)
[2.483s] -- Configuring done
[2.488s] -- Generating done
[2.490s] -- Build files have been written to: /home/victor/Documents/Controller_testing_repo/build/gazebo_simulation
