[0.194s] Invoking command in '/home/victor/Documents/Controller_testing_repo/build/basic_mobile_robot': CMAKE_PREFIX_PATH=${CMAKE_PREFIX_PATH}:/opt/ros/humble /usr/bin/cmake /home/victor/Documents/Controller_testing_repo/basic_mobile_robot -DCMAKE_INSTALL_PREFIX=/home/victor/Documents/Controller_testing_repo/install/basic_mobile_robot
[0.288s] -- The C compiler identification is GNU 11.4.0
[0.365s] -- The CXX compiler identification is GNU 11.4.0
[0.373s] -- Detecting C compiler ABI info
[0.442s] -- Detecting C compiler ABI info - done
[0.449s] -- Check for working C compiler: /usr/bin/cc - skipped
[0.449s] -- Detecting C compile features
[0.450s] -- Detecting C compile features - done
[0.453s] -- Detecting CXX compiler ABI info
[0.529s] -- Detecting CXX compiler ABI info - done
[0.536s] -- Check for working CXX compiler: /usr/bin/c++ - skipped
[0.536s] -- Detecting CXX compile features
[0.537s] -- Detecting CXX compile features - done
[0.542s] -- Found ament_cmake: 1.3.6 (/opt/ros/humble/share/ament_cmake/cmake)
[0.703s] -- Found Python3: /usr/bin/python3.10 (found version "3.10.12") found components: Interpreter 
[0.804s] -- Found ament_lint_auto: 0.12.9 (/opt/ros/humble/share/ament_lint_auto/cmake)
[0.886s] -- Added test 'copyright' to check source files copyright and LICENSE
[0.891s] -- Added test 'flake8' to check Python code syntax and style conventions
[0.891s] -- Added test 'lint_cmake' to check CMake code style
[0.892s] -- Added test 'pep257' to check Python code against some of the docstring style conventions in PEP 257
[0.895s] -- Added test 'xmllint' to check XML markup files
[0.896s] -- Configuring done
[0.899s] -- Generating done
[0.903s] -- Build files have been written to: /home/victor/Documents/Controller_testing_repo/build/basic_mobile_robot
[0.907s] Invoked command in '/home/victor/Documents/Controller_testing_repo/build/basic_mobile_robot' returned '0': CMAKE_PREFIX_PATH=${CMAKE_PREFIX_PATH}:/opt/ros/humble /usr/bin/cmake /home/victor/Documents/Controller_testing_repo/basic_mobile_robot -DCMAKE_INSTALL_PREFIX=/home/victor/Documents/Controller_testing_repo/install/basic_mobile_robot
[0.908s] Invoking command in '/home/victor/Documents/Controller_testing_repo/build/basic_mobile_robot': CMAKE_PREFIX_PATH=${CMAKE_PREFIX_PATH}:/opt/ros/humble /usr/bin/cmake --build /home/victor/Documents/Controller_testing_repo/build/basic_mobile_robot -- -j12 -l12
[0.943s] Invoked command in '/home/victor/Documents/Controller_testing_repo/build/basic_mobile_robot' returned '0': CMAKE_PREFIX_PATH=${CMAKE_PREFIX_PATH}:/opt/ros/humble /usr/bin/cmake --build /home/victor/Documents/Controller_testing_repo/build/basic_mobile_robot -- -j12 -l12
[0.972s] Invoking command in '/home/victor/Documents/Controller_testing_repo/build/basic_mobile_robot': CMAKE_PREFIX_PATH=${CMAKE_PREFIX_PATH}:/opt/ros/humble /usr/bin/cmake --install /home/victor/Documents/Controller_testing_repo/build/basic_mobile_robot
[0.978s] -- Install configuration: ""
[0.979s] -- Installing: /home/victor/Documents/Controller_testing_repo/install/basic_mobile_robot/share/basic_mobile_robot/config
[0.979s] -- Installing: /home/victor/Documents/Controller_testing_repo/install/basic_mobile_robot/share/basic_mobile_robot/config/ekf.yaml
[0.979s] -- Installing: /home/victor/Documents/Controller_testing_repo/install/basic_mobile_robot/share/basic_mobile_robot/config/controllers.yaml
[0.979s] -- Installing: /home/victor/Documents/Controller_testing_repo/install/basic_mobile_robot/share/basic_mobile_robot/launch
[0.979s] -- Installing: /home/victor/Documents/Controller_testing_repo/install/basic_mobile_robot/share/basic_mobile_robot/launch/robot_state_publisher.launch.py
[0.980s] -- Installing: /home/victor/Documents/Controller_testing_repo/install/basic_mobile_robot/share/basic_mobile_robot/launch/basic_mobile_bot_v5.launch.py
[0.980s] -- Installing: /home/victor/Documents/Controller_testing_repo/install/basic_mobile_robot/share/basic_mobile_robot/launch/basic_mobile_bot_v2.launch.py
[0.980s] -- Installing: /home/victor/Documents/Controller_testing_repo/install/basic_mobile_robot/share/basic_mobile_robot/launch/basic_mobile_bot_v4.launch.py
[0.980s] -- Installing: /home/victor/Documents/Controller_testing_repo/install/basic_mobile_robot/share/basic_mobile_robot/launch/basic_mobile_bot_v3.launch.py
[0.980s] -- Installing: /home/victor/Documents/Controller_testing_repo/install/basic_mobile_robot/share/basic_mobile_robot/launch/basic_mobile_bot_v1.launch.py
[0.981s] -- Installing: /home/victor/Documents/Controller_testing_repo/install/basic_mobile_robot/share/basic_mobile_robot/maps
[0.981s] -- Installing: /home/victor/Documents/Controller_testing_repo/install/basic_mobile_robot/share/basic_mobile_robot/maps/smalltown_world.pgm
[0.985s] -- Installing: /home/victor/Documents/Controller_testing_repo/install/basic_mobile_robot/share/basic_mobile_robot/maps/smalltown_world.yaml
[0.985s] -- Installing: /home/victor/Documents/Controller_testing_repo/install/basic_mobile_robot/share/basic_mobile_robot/meshes
[0.985s] -- Installing: /home/victor/Documents/Controller_testing_repo/install/basic_mobile_robot/share/basic_mobile_robot/meshes/base_link.stl
[0.987s] -- Installing: /home/victor/Documents/Controller_testing_repo/install/basic_mobile_robot/share/basic_mobile_robot/meshes/wheel.stl
[0.987s] -- Installing: /home/victor/Documents/Controller_testing_repo/install/basic_mobile_robot/share/basic_mobile_robot/meshes/base_link.dae
[0.988s] -- Installing: /home/victor/Documents/Controller_testing_repo/install/basic_mobile_robot/share/basic_mobile_robot/meshes/fork.stl
[0.988s] -- Installing: /home/victor/Documents/Controller_testing_repo/install/basic_mobile_robot/share/basic_mobile_robot/meshes/fork.dae
[0.988s] -- Installing: /home/victor/Documents/Controller_testing_repo/install/basic_mobile_robot/share/basic_mobile_robot/meshes/wheel.dae
[0.989s] -- Installing: /home/victor/Documents/Controller_testing_repo/install/basic_mobile_robot/share/basic_mobile_robot/models
[0.989s] -- Installing: /home/victor/Documents/Controller_testing_repo/install/basic_mobile_robot/share/basic_mobile_robot/models/forklift_robot.urdf
[0.989s] -- Installing: /home/victor/Documents/Controller_testing_repo/install/basic_mobile_robot/share/basic_mobile_robot/models/basic_mobile_bot_v1.urdf
[0.989s] -- Installing: /home/victor/Documents/Controller_testing_repo/install/basic_mobile_robot/share/basic_mobile_robot/models/basic_mobile_bot_v2.urdf
[0.989s] -- Installing: /home/victor/Documents/Controller_testing_repo/install/basic_mobile_robot/share/basic_mobile_robot/models/basic_mobile_bot_description
[0.989s] -- Installing: /home/victor/Documents/Controller_testing_repo/install/basic_mobile_robot/share/basic_mobile_robot/models/basic_mobile_bot_description/model.sdf
[0.989s] -- Installing: /home/victor/Documents/Controller_testing_repo/install/basic_mobile_robot/share/basic_mobile_robot/models/basic_mobile_bot_description/model.config
[0.990s] -- Installing: /home/victor/Documents/Controller_testing_repo/install/basic_mobile_robot/share/basic_mobile_robot/models/basic_mobile_bot_description/meshes
[0.990s] -- Installing: /home/victor/Documents/Controller_testing_repo/install/basic_mobile_robot/share/basic_mobile_robot/models/basic_mobile_bot_description/meshes/base_link.stl
[0.990s] -- Installing: /home/victor/Documents/Controller_testing_repo/install/basic_mobile_robot/share/basic_mobile_robot/models/basic_mobile_bot_description/meshes/wheel.stl
[0.991s] -- Installing: /home/victor/Documents/Controller_testing_repo/install/basic_mobile_robot/share/basic_mobile_robot/models/basic_mobile_bot_description/meshes/base_link.dae
[0.993s] -- Installing: /home/victor/Documents/Controller_testing_repo/install/basic_mobile_robot/share/basic_mobile_robot/models/basic_mobile_bot_description/meshes/fork.stl
[0.993s] -- Installing: /home/victor/Documents/Controller_testing_repo/install/basic_mobile_robot/share/basic_mobile_robot/models/basic_mobile_bot_description/meshes/fork.dae
[0.993s] -- Installing: /home/victor/Documents/Controller_testing_repo/install/basic_mobile_robot/share/basic_mobile_robot/models/basic_mobile_bot_description/meshes/wheel.dae
[0.993s] -- Installing: /home/victor/Documents/Controller_testing_repo/install/basic_mobile_robot/share/basic_mobile_robot/params
[0.993s] -- Installing: /home/victor/Documents/Controller_testing_repo/install/basic_mobile_robot/share/basic_mobile_robot/params/nav2_params.yaml
[0.994s] -- Installing: /home/victor/Documents/Controller_testing_repo/install/basic_mobile_robot/share/basic_mobile_robot/rviz
[0.994s] -- Installing: /home/victor/Documents/Controller_testing_repo/install/basic_mobile_robot/share/basic_mobile_robot/rviz/urdf_config.rviz
[0.994s] -- Installing: /home/victor/Documents/Controller_testing_repo/install/basic_mobile_robot/share/basic_mobile_robot/rviz/nav2_config.rviz
[0.994s] [31mCMake Error at cmake_install.cmake:46 (file):
[0.994s]   file INSTALL cannot find
[0.994s]   "/home/victor/Documents/Controller_testing_repo/basic_mobile_robot/src": No
[0.995s]   such file or directory.
[0.995s] 
[0.995s] [0m
[1.048s] Invoked command in '/home/victor/Documents/Controller_testing_repo/build/basic_mobile_robot' returned '1': CMAKE_PREFIX_PATH=${CMAKE_PREFIX_PATH}:/opt/ros/humble /usr/bin/cmake --install /home/victor/Documents/Controller_testing_repo/build/basic_mobile_robot
