[1.120s] DEBUG:colcon:Command line arguments: ['/usr/bin/colcon', 'build']
[1.120s] DEBUG:colcon:Parsed command line arguments: Namespace(log_base=None, log_level=None, verb_name='build', build_base='build', install_base='install', merge_install=False, symlink_install=False, test_result_base=None, continue_on_error=False, executor='parallel', parallel_workers=12, event_handlers=None, ignore_user_meta=False, metas=['./colcon.meta'], base_paths=['.'], packages_ignore=None, packages_ignore_regex=None, paths=None, packages_up_to=None, packages_up_to_regex=None, packages_above=None, packages_above_and_dependencies=None, packages_above_depth=None, packages_select_by_dep=None, packages_skip_by_dep=None, packages_skip_up_to=None, packages_select_build_failed=False, packages_skip_build_finished=False, packages_select_test_failures=False, packages_skip_test_passed=False, packages_select=None, packages_skip=None, packages_select_regex=None, packages_skip_regex=None, packages_start=None, packages_end=None, allow_overriding=[], cmake_args=None, cmake_target=None, cmake_target_skip_unavailable=False, cmake_clean_cache=False, cmake_clean_first=False, cmake_force_configure=False, ament_cmake_args=None, catkin_cmake_args=None, catkin_skip_building_tests=False, verb_parser=<colcon_defaults.argument_parser.defaults.DefaultArgumentsDecorator object at 0x7fce4149d2a0>, verb_extension=<colcon_core.verb.build.BuildVerb object at 0x7fce418cb8b0>, main=<bound method BuildVerb.main of <colcon_core.verb.build.BuildVerb object at 0x7fce418cb8b0>>)
[1.180s] Level 1:colcon.colcon_core.package_discovery:discover_packages(colcon_meta) check parameters
[1.180s] Level 1:colcon.colcon_core.package_discovery:discover_packages(recursive) check parameters
[1.180s] Level 1:colcon.colcon_core.package_discovery:discover_packages(ignore) check parameters
[1.180s] Level 1:colcon.colcon_core.package_discovery:discover_packages(path) check parameters
[1.180s] Level 1:colcon.colcon_core.package_discovery:discover_packages(colcon_meta) discover
[1.180s] Level 1:colcon.colcon_core.package_discovery:discover_packages(recursive) discover
[1.181s] INFO:colcon.colcon_core.package_discovery:Crawling recursively for packages in '/home/victor/Documents/Controller_testing_repo'
[1.181s] Level 1:colcon.colcon_core.package_identification:_identify(.) by extensions ['ignore', 'ignore_ament_install']
[1.181s] Level 1:colcon.colcon_core.package_identification:_identify(.) by extension 'ignore'
[1.181s] Level 1:colcon.colcon_core.package_identification:_identify(.) by extension 'ignore_ament_install'
[1.181s] Level 1:colcon.colcon_core.package_identification:_identify(.) by extensions ['colcon_pkg']
[1.181s] Level 1:colcon.colcon_core.package_identification:_identify(.) by extension 'colcon_pkg'
[1.181s] Level 1:colcon.colcon_core.package_identification:_identify(.) by extensions ['colcon_meta']
[1.181s] Level 1:colcon.colcon_core.package_identification:_identify(.) by extension 'colcon_meta'
[1.181s] Level 1:colcon.colcon_core.package_identification:_identify(.) by extensions ['ros']
[1.181s] Level 1:colcon.colcon_core.package_identification:_identify(.) by extension 'ros'
[1.191s] Level 1:colcon.colcon_core.package_identification:_identify(.) by extensions ['cmake', 'python']
[1.191s] Level 1:colcon.colcon_core.package_identification:_identify(.) by extension 'cmake'
[1.191s] Level 1:colcon.colcon_core.package_identification:_identify(.) by extension 'python'
[1.191s] Level 1:colcon.colcon_core.package_identification:_identify(.) by extensions ['python_setup_py']
[1.191s] Level 1:colcon.colcon_core.package_identification:_identify(.) by extension 'python_setup_py'
[1.191s] Level 1:colcon.colcon_core.package_identification:_identify(basic_mobile_robot) by extensions ['ignore', 'ignore_ament_install']
[1.191s] Level 1:colcon.colcon_core.package_identification:_identify(basic_mobile_robot) by extension 'ignore'
[1.191s] Level 1:colcon.colcon_core.package_identification:_identify(basic_mobile_robot) by extension 'ignore_ament_install'
[1.191s] Level 1:colcon.colcon_core.package_identification:_identify(basic_mobile_robot) by extensions ['colcon_pkg']
[1.191s] Level 1:colcon.colcon_core.package_identification:_identify(basic_mobile_robot) by extension 'colcon_pkg'
[1.191s] Level 1:colcon.colcon_core.package_identification:_identify(basic_mobile_robot) by extensions ['colcon_meta']
[1.192s] Level 1:colcon.colcon_core.package_identification:_identify(basic_mobile_robot) by extension 'colcon_meta'
[1.192s] Level 1:colcon.colcon_core.package_identification:_identify(basic_mobile_robot) by extensions ['ros']
[1.192s] Level 1:colcon.colcon_core.package_identification:_identify(basic_mobile_robot) by extension 'ros'
[1.194s] DEBUG:colcon.colcon_core.package_identification:Package 'basic_mobile_robot' with type 'ros.ament_cmake' and name 'basic_mobile_robot'
[1.194s] Level 1:colcon.colcon_core.package_identification:_identify(build) by extensions ['ignore', 'ignore_ament_install']
[1.194s] Level 1:colcon.colcon_core.package_identification:_identify(build) by extension 'ignore'
[1.194s] Level 1:colcon.colcon_core.package_identification:_identify(build) ignored
[1.195s] Level 1:colcon.colcon_core.package_identification:_identify(four_ws_control) by extensions ['ignore', 'ignore_ament_install']
[1.195s] Level 1:colcon.colcon_core.package_identification:_identify(four_ws_control) by extension 'ignore'
[1.195s] Level 1:colcon.colcon_core.package_identification:_identify(four_ws_control) by extension 'ignore_ament_install'
[1.195s] Level 1:colcon.colcon_core.package_identification:_identify(four_ws_control) by extensions ['colcon_pkg']
[1.195s] Level 1:colcon.colcon_core.package_identification:_identify(four_ws_control) by extension 'colcon_pkg'
[1.195s] Level 1:colcon.colcon_core.package_identification:_identify(four_ws_control) by extensions ['colcon_meta']
[1.195s] Level 1:colcon.colcon_core.package_identification:_identify(four_ws_control) by extension 'colcon_meta'
[1.195s] Level 1:colcon.colcon_core.package_identification:_identify(four_ws_control) by extensions ['ros']
[1.195s] Level 1:colcon.colcon_core.package_identification:_identify(four_ws_control) by extension 'ros'
[1.195s] DEBUG:colcon.colcon_core.package_identification:Package 'four_ws_control' with type 'ros.ament_cmake' and name 'four_ws_control'
[1.195s] Level 1:colcon.colcon_core.package_identification:_identify(gazebo_simulation) by extensions ['ignore', 'ignore_ament_install']
[1.195s] Level 1:colcon.colcon_core.package_identification:_identify(gazebo_simulation) by extension 'ignore'
[1.195s] Level 1:colcon.colcon_core.package_identification:_identify(gazebo_simulation) by extension 'ignore_ament_install'
[1.196s] Level 1:colcon.colcon_core.package_identification:_identify(gazebo_simulation) by extensions ['colcon_pkg']
[1.196s] Level 1:colcon.colcon_core.package_identification:_identify(gazebo_simulation) by extension 'colcon_pkg'
[1.196s] Level 1:colcon.colcon_core.package_identification:_identify(gazebo_simulation) by extensions ['colcon_meta']
[1.196s] Level 1:colcon.colcon_core.package_identification:_identify(gazebo_simulation) by extension 'colcon_meta'
[1.196s] Level 1:colcon.colcon_core.package_identification:_identify(gazebo_simulation) by extensions ['ros']
[1.196s] Level 1:colcon.colcon_core.package_identification:_identify(gazebo_simulation) by extension 'ros'
[1.196s] DEBUG:colcon.colcon_core.package_identification:Package 'gazebo_simulation' with type 'ros.ament_cmake' and name 'gazebo_simulation'
[1.196s] Level 1:colcon.colcon_core.package_identification:_identify(install) by extensions ['ignore', 'ignore_ament_install']
[1.197s] Level 1:colcon.colcon_core.package_identification:_identify(install) by extension 'ignore'
[1.197s] Level 1:colcon.colcon_core.package_identification:_identify(install) ignored
[1.197s] Level 1:colcon.colcon_core.package_identification:_identify(log) by extensions ['ignore', 'ignore_ament_install']
[1.197s] Level 1:colcon.colcon_core.package_identification:_identify(log) by extension 'ignore'
[1.197s] Level 1:colcon.colcon_core.package_identification:_identify(log) ignored
[1.197s] Level 1:colcon.colcon_core.package_discovery:discover_packages(recursive) using defaults
[1.197s] Level 1:colcon.colcon_core.package_discovery:discover_packages(ignore) discover
[1.197s] Level 1:colcon.colcon_core.package_discovery:discover_packages(ignore) using defaults
[1.197s] Level 1:colcon.colcon_core.package_discovery:discover_packages(path) discover
[1.197s] Level 1:colcon.colcon_core.package_discovery:discover_packages(path) using defaults
[1.291s] Level 1:colcon.colcon_core.package_discovery:discover_packages(prefix_path) check parameters
[1.291s] Level 1:colcon.colcon_core.package_discovery:discover_packages(prefix_path) discover
[1.321s] DEBUG:colcon.colcon_installed_package_information.package_discovery:Found 1 installed packages in /home/victor/forklift_dev_ws/install
[1.337s] DEBUG:colcon.colcon_installed_package_information.package_discovery:Found 387 installed packages in /opt/ros/humble
[1.339s] Level 1:colcon.colcon_core.package_discovery:discover_packages(prefix_path) using defaults
[1.446s] Level 5:colcon.colcon_core.verb:set package 'basic_mobile_robot' build argument 'cmake_args' from command line to 'None'
[1.446s] Level 5:colcon.colcon_core.verb:set package 'basic_mobile_robot' build argument 'cmake_target' from command line to 'None'
[1.446s] Level 5:colcon.colcon_core.verb:set package 'basic_mobile_robot' build argument 'cmake_target_skip_unavailable' from command line to 'False'
[1.447s] Level 5:colcon.colcon_core.verb:set package 'basic_mobile_robot' build argument 'cmake_clean_cache' from command line to 'False'
[1.447s] Level 5:colcon.colcon_core.verb:set package 'basic_mobile_robot' build argument 'cmake_clean_first' from command line to 'False'
[1.447s] Level 5:colcon.colcon_core.verb:set package 'basic_mobile_robot' build argument 'cmake_force_configure' from command line to 'False'
[1.447s] Level 5:colcon.colcon_core.verb:set package 'basic_mobile_robot' build argument 'ament_cmake_args' from command line to 'None'
[1.447s] Level 5:colcon.colcon_core.verb:set package 'basic_mobile_robot' build argument 'catkin_cmake_args' from command line to 'None'
[1.447s] Level 5:colcon.colcon_core.verb:set package 'basic_mobile_robot' build argument 'catkin_skip_building_tests' from command line to 'False'
[1.447s] DEBUG:colcon.colcon_core.verb:Building package 'basic_mobile_robot' with the following arguments: {'ament_cmake_args': None, 'build_base': '/home/victor/Documents/Controller_testing_repo/build/basic_mobile_robot', 'catkin_cmake_args': None, 'catkin_skip_building_tests': False, 'cmake_args': None, 'cmake_clean_cache': False, 'cmake_clean_first': False, 'cmake_force_configure': False, 'cmake_target': None, 'cmake_target_skip_unavailable': False, 'install_base': '/home/victor/Documents/Controller_testing_repo/install/basic_mobile_robot', 'merge_install': False, 'path': '/home/victor/Documents/Controller_testing_repo/basic_mobile_robot', 'symlink_install': False, 'test_result_base': None}
[1.461s] Level 5:colcon.colcon_core.verb:set package 'four_ws_control' build argument 'cmake_args' from command line to 'None'
[1.461s] Level 5:colcon.colcon_core.verb:set package 'four_ws_control' build argument 'cmake_target' from command line to 'None'
[1.461s] Level 5:colcon.colcon_core.verb:set package 'four_ws_control' build argument 'cmake_target_skip_unavailable' from command line to 'False'
[1.461s] Level 5:colcon.colcon_core.verb:set package 'four_ws_control' build argument 'cmake_clean_cache' from command line to 'False'
[1.461s] Level 5:colcon.colcon_core.verb:set package 'four_ws_control' build argument 'cmake_clean_first' from command line to 'False'
[1.461s] Level 5:colcon.colcon_core.verb:set package 'four_ws_control' build argument 'cmake_force_configure' from command line to 'False'
[1.461s] Level 5:colcon.colcon_core.verb:set package 'four_ws_control' build argument 'ament_cmake_args' from command line to 'None'
[1.461s] Level 5:colcon.colcon_core.verb:set package 'four_ws_control' build argument 'catkin_cmake_args' from command line to 'None'
[1.461s] Level 5:colcon.colcon_core.verb:set package 'four_ws_control' build argument 'catkin_skip_building_tests' from command line to 'False'
[1.461s] DEBUG:colcon.colcon_core.verb:Building package 'four_ws_control' with the following arguments: {'ament_cmake_args': None, 'build_base': '/home/victor/Documents/Controller_testing_repo/build/four_ws_control', 'catkin_cmake_args': None, 'catkin_skip_building_tests': False, 'cmake_args': None, 'cmake_clean_cache': False, 'cmake_clean_first': False, 'cmake_force_configure': False, 'cmake_target': None, 'cmake_target_skip_unavailable': False, 'install_base': '/home/victor/Documents/Controller_testing_repo/install/four_ws_control', 'merge_install': False, 'path': '/home/victor/Documents/Controller_testing_repo/four_ws_control', 'symlink_install': False, 'test_result_base': None}
[1.476s] Level 5:colcon.colcon_core.verb:set package 'gazebo_simulation' build argument 'cmake_args' from command line to 'None'
[1.476s] Level 5:colcon.colcon_core.verb:set package 'gazebo_simulation' build argument 'cmake_target' from command line to 'None'
[1.476s] Level 5:colcon.colcon_core.verb:set package 'gazebo_simulation' build argument 'cmake_target_skip_unavailable' from command line to 'False'
[1.476s] Level 5:colcon.colcon_core.verb:set package 'gazebo_simulation' build argument 'cmake_clean_cache' from command line to 'False'
[1.476s] Level 5:colcon.colcon_core.verb:set package 'gazebo_simulation' build argument 'cmake_clean_first' from command line to 'False'
[1.476s] Level 5:colcon.colcon_core.verb:set package 'gazebo_simulation' build argument 'cmake_force_configure' from command line to 'False'
[1.476s] Level 5:colcon.colcon_core.verb:set package 'gazebo_simulation' build argument 'ament_cmake_args' from command line to 'None'
[1.476s] Level 5:colcon.colcon_core.verb:set package 'gazebo_simulation' build argument 'catkin_cmake_args' from command line to 'None'
[1.476s] Level 5:colcon.colcon_core.verb:set package 'gazebo_simulation' build argument 'catkin_skip_building_tests' from command line to 'False'
[1.476s] DEBUG:colcon.colcon_core.verb:Building package 'gazebo_simulation' with the following arguments: {'ament_cmake_args': None, 'build_base': '/home/victor/Documents/Controller_testing_repo/build/gazebo_simulation', 'catkin_cmake_args': None, 'catkin_skip_building_tests': False, 'cmake_args': None, 'cmake_clean_cache': False, 'cmake_clean_first': False, 'cmake_force_configure': False, 'cmake_target': None, 'cmake_target_skip_unavailable': False, 'install_base': '/home/victor/Documents/Controller_testing_repo/install/gazebo_simulation', 'merge_install': False, 'path': '/home/victor/Documents/Controller_testing_repo/gazebo_simulation', 'symlink_install': False, 'test_result_base': None}
[1.490s] INFO:colcon.colcon_core.executor:Executing jobs using 'parallel' executor
[1.505s] DEBUG:colcon.colcon_parallel_executor.executor.parallel:run_until_complete
[1.505s] INFO:colcon.colcon_ros.task.ament_cmake.build:Building ROS package in '/home/victor/Documents/Controller_testing_repo/basic_mobile_robot' with build type 'ament_cmake'
[1.505s] INFO:colcon.colcon_cmake.task.cmake.build:Building CMake package in '/home/victor/Documents/Controller_testing_repo/basic_mobile_robot'
[1.526s] INFO:colcon.colcon_core.plugin_system:Skipping extension 'colcon_core.shell.bat': Not used on non-Windows systems
[1.526s] INFO:colcon.colcon_core.shell:Skip shell extension 'powershell' for command environment: Not usable outside of PowerShell
[1.526s] DEBUG:colcon.colcon_core.shell:Skip shell extension 'dsv' for command environment
[1.573s] INFO:colcon.colcon_ros.task.ament_cmake.build:Building ROS package in '/home/victor/Documents/Controller_testing_repo/four_ws_control' with build type 'ament_cmake'
[1.573s] INFO:colcon.colcon_cmake.task.cmake.build:Building CMake package in '/home/victor/Documents/Controller_testing_repo/four_ws_control'
[1.589s] INFO:colcon.colcon_core.shell:Skip shell extension 'powershell' for command environment: Not usable outside of PowerShell
[1.589s] DEBUG:colcon.colcon_core.shell:Skip shell extension 'dsv' for command environment
[1.637s] INFO:colcon.colcon_ros.task.ament_cmake.build:Building ROS package in '/home/victor/Documents/Controller_testing_repo/gazebo_simulation' with build type 'ament_cmake'
[1.637s] INFO:colcon.colcon_cmake.task.cmake.build:Building CMake package in '/home/victor/Documents/Controller_testing_repo/gazebo_simulation'
[1.652s] INFO:colcon.colcon_core.shell:Skip shell extension 'powershell' for command environment: Not usable outside of PowerShell
[1.652s] DEBUG:colcon.colcon_core.shell:Skip shell extension 'dsv' for command environment
[1.700s] DEBUG:colcon.colcon_core.event_handler.log_command:Invoking command in '/home/victor/Documents/Controller_testing_repo/build/basic_mobile_robot': CMAKE_PREFIX_PATH=${CMAKE_PREFIX_PATH}:/opt/ros/humble /usr/bin/cmake /home/victor/Documents/Controller_testing_repo/basic_mobile_robot -DCMAKE_INSTALL_PREFIX=/home/victor/Documents/Controller_testing_repo/install/basic_mobile_robot
[1.707s] DEBUG:colcon.colcon_core.event_handler.log_command:Invoking command in '/home/victor/Documents/Controller_testing_repo/build/four_ws_control': CMAKE_PREFIX_PATH=${CMAKE_PREFIX_PATH}:/opt/ros/humble /usr/bin/cmake /home/victor/Documents/Controller_testing_repo/four_ws_control -DCMAKE_INSTALL_PREFIX=/home/victor/Documents/Controller_testing_repo/install/four_ws_control
[1.711s] DEBUG:colcon.colcon_core.event_handler.log_command:Invoking command in '/home/victor/Documents/Controller_testing_repo/build/gazebo_simulation': CMAKE_PREFIX_PATH=${CMAKE_PREFIX_PATH}:/opt/ros/humble /usr/bin/cmake /home/victor/Documents/Controller_testing_repo/gazebo_simulation -DCMAKE_INSTALL_PREFIX=/home/victor/Documents/Controller_testing_repo/install/gazebo_simulation
[2.405s] DEBUG:colcon.colcon_core.event_handler.log_command:Invoked command in '/home/victor/Documents/Controller_testing_repo/build/four_ws_control' returned '0': CMAKE_PREFIX_PATH=${CMAKE_PREFIX_PATH}:/opt/ros/humble /usr/bin/cmake /home/victor/Documents/Controller_testing_repo/four_ws_control -DCMAKE_INSTALL_PREFIX=/home/victor/Documents/Controller_testing_repo/install/four_ws_control
[2.409s] DEBUG:colcon.colcon_core.event_handler.log_command:Invoking command in '/home/victor/Documents/Controller_testing_repo/build/four_ws_control': CMAKE_PREFIX_PATH=${CMAKE_PREFIX_PATH}:/opt/ros/humble /usr/bin/cmake --build /home/victor/Documents/Controller_testing_repo/build/four_ws_control -- -j12 -l12
[2.412s] DEBUG:colcon.colcon_core.event_handler.log_command:Invoked command in '/home/victor/Documents/Controller_testing_repo/build/basic_mobile_robot' returned '0': CMAKE_PREFIX_PATH=${CMAKE_PREFIX_PATH}:/opt/ros/humble /usr/bin/cmake /home/victor/Documents/Controller_testing_repo/basic_mobile_robot -DCMAKE_INSTALL_PREFIX=/home/victor/Documents/Controller_testing_repo/install/basic_mobile_robot
[2.414s] DEBUG:colcon.colcon_core.event_handler.log_command:Invoking command in '/home/victor/Documents/Controller_testing_repo/build/basic_mobile_robot': CMAKE_PREFIX_PATH=${CMAKE_PREFIX_PATH}:/opt/ros/humble /usr/bin/cmake --build /home/victor/Documents/Controller_testing_repo/build/basic_mobile_robot -- -j12 -l12
[2.447s] DEBUG:colcon.colcon_core.event_handler.log_command:Invoked command in '/home/victor/Documents/Controller_testing_repo/build/four_ws_control' returned '0': CMAKE_PREFIX_PATH=${CMAKE_PREFIX_PATH}:/opt/ros/humble /usr/bin/cmake --build /home/victor/Documents/Controller_testing_repo/build/four_ws_control -- -j12 -l12
[2.449s] DEBUG:colcon.colcon_core.event_handler.log_command:Invoked command in '/home/victor/Documents/Controller_testing_repo/build/basic_mobile_robot' returned '0': CMAKE_PREFIX_PATH=${CMAKE_PREFIX_PATH}:/opt/ros/humble /usr/bin/cmake --build /home/victor/Documents/Controller_testing_repo/build/basic_mobile_robot -- -j12 -l12
[2.476s] DEBUG:colcon.colcon_core.event_handler.log_command:Invoking command in '/home/victor/Documents/Controller_testing_repo/build/four_ws_control': CMAKE_PREFIX_PATH=${CMAKE_PREFIX_PATH}:/opt/ros/humble /usr/bin/cmake --install /home/victor/Documents/Controller_testing_repo/build/four_ws_control
[2.478s] DEBUG:colcon.colcon_core.event_handler.log_command:Invoking command in '/home/victor/Documents/Controller_testing_repo/build/basic_mobile_robot': CMAKE_PREFIX_PATH=${CMAKE_PREFIX_PATH}:/opt/ros/humble /usr/bin/cmake --install /home/victor/Documents/Controller_testing_repo/build/basic_mobile_robot
[2.489s] Level 1:colcon.colcon_core.environment:create_environment_scripts_only(four_ws_control)
[2.490s] DEBUG:colcon.colcon_core.event_handler.log_command:Invoked command in '/home/victor/Documents/Controller_testing_repo/build/four_ws_control' returned '0': CMAKE_PREFIX_PATH=${CMAKE_PREFIX_PATH}:/opt/ros/humble /usr/bin/cmake --install /home/victor/Documents/Controller_testing_repo/build/four_ws_control
[2.514s] Level 1:colcon.colcon_core.environment:checking '/home/victor/Documents/Controller_testing_repo/install/four_ws_control' for CMake module files
[2.515s] Level 1:colcon.colcon_core.environment:checking '/home/victor/Documents/Controller_testing_repo/install/four_ws_control' for CMake config files
[2.515s] Level 1:colcon.colcon_core.shell:create_environment_hook('four_ws_control', 'cmake_prefix_path')
[2.530s] INFO:colcon.colcon_core.shell:Creating environment hook '/home/victor/Documents/Controller_testing_repo/install/four_ws_control/share/four_ws_control/hook/cmake_prefix_path.ps1'
[2.530s] INFO:colcon.colcon_core.shell:Creating environment descriptor '/home/victor/Documents/Controller_testing_repo/install/four_ws_control/share/four_ws_control/hook/cmake_prefix_path.dsv'
[2.531s] INFO:colcon.colcon_core.shell:Creating environment hook '/home/victor/Documents/Controller_testing_repo/install/four_ws_control/share/four_ws_control/hook/cmake_prefix_path.sh'
[2.532s] Level 1:colcon.colcon_core.environment:checking '/home/victor/Documents/Controller_testing_repo/install/four_ws_control/lib'
[2.532s] Level 1:colcon.colcon_core.environment:checking '/home/victor/Documents/Controller_testing_repo/install/four_ws_control/bin'
[2.532s] Level 1:colcon.colcon_core.environment:checking '/home/victor/Documents/Controller_testing_repo/install/four_ws_control/lib/pkgconfig/four_ws_control.pc'
[2.532s] Level 1:colcon.colcon_core.environment:checking '/home/victor/Documents/Controller_testing_repo/install/four_ws_control/lib/python3.10/site-packages'
[2.532s] Level 1:colcon.colcon_core.environment:checking '/home/victor/Documents/Controller_testing_repo/install/four_ws_control/bin'
[2.548s] INFO:colcon.colcon_core.shell:Creating package script '/home/victor/Documents/Controller_testing_repo/install/four_ws_control/share/four_ws_control/package.ps1'
[2.549s] INFO:colcon.colcon_core.shell:Creating package descriptor '/home/victor/Documents/Controller_testing_repo/install/four_ws_control/share/four_ws_control/package.dsv'
[2.549s] INFO:colcon.colcon_core.shell:Creating package script '/home/victor/Documents/Controller_testing_repo/install/four_ws_control/share/four_ws_control/package.sh'
[2.550s] INFO:colcon.colcon_core.shell:Creating package script '/home/victor/Documents/Controller_testing_repo/install/four_ws_control/share/four_ws_control/package.bash'
[2.551s] INFO:colcon.colcon_core.shell:Creating package script '/home/victor/Documents/Controller_testing_repo/install/four_ws_control/share/four_ws_control/package.zsh'
[2.551s] Level 1:colcon.colcon_core.environment:create_file_with_runtime_dependencies(/home/victor/Documents/Controller_testing_repo/install/four_ws_control/share/colcon-core/packages/four_ws_control)
[2.554s] DEBUG:colcon.colcon_core.event_handler.log_command:Invoked command in '/home/victor/Documents/Controller_testing_repo/build/basic_mobile_robot' returned '1': CMAKE_PREFIX_PATH=${CMAKE_PREFIX_PATH}:/opt/ros/humble /usr/bin/cmake --install /home/victor/Documents/Controller_testing_repo/build/basic_mobile_robot
[2.587s] Level 1:colcon.colcon_core.environment:create_environment_scripts_only(four_ws_control)
[2.603s] Level 1:colcon.colcon_core.environment:checking '/home/victor/Documents/Controller_testing_repo/install/four_ws_control' for CMake module files
[2.604s] Level 1:colcon.colcon_core.environment:checking '/home/victor/Documents/Controller_testing_repo/install/four_ws_control' for CMake config files
[2.604s] Level 1:colcon.colcon_core.shell:create_environment_hook('four_ws_control', 'cmake_prefix_path')
[2.619s] INFO:colcon.colcon_core.shell:Creating environment hook '/home/victor/Documents/Controller_testing_repo/install/four_ws_control/share/four_ws_control/hook/cmake_prefix_path.ps1'
[2.620s] INFO:colcon.colcon_core.shell:Creating environment descriptor '/home/victor/Documents/Controller_testing_repo/install/four_ws_control/share/four_ws_control/hook/cmake_prefix_path.dsv'
[2.620s] INFO:colcon.colcon_core.shell:Creating environment hook '/home/victor/Documents/Controller_testing_repo/install/four_ws_control/share/four_ws_control/hook/cmake_prefix_path.sh'
[2.621s] Level 1:colcon.colcon_core.environment:checking '/home/victor/Documents/Controller_testing_repo/install/four_ws_control/lib'
[2.621s] Level 1:colcon.colcon_core.environment:checking '/home/victor/Documents/Controller_testing_repo/install/four_ws_control/bin'
[2.621s] Level 1:colcon.colcon_core.environment:checking '/home/victor/Documents/Controller_testing_repo/install/four_ws_control/lib/pkgconfig/four_ws_control.pc'
[2.621s] Level 1:colcon.colcon_core.environment:checking '/home/victor/Documents/Controller_testing_repo/install/four_ws_control/lib/python3.10/site-packages'
[2.621s] Level 1:colcon.colcon_core.environment:checking '/home/victor/Documents/Controller_testing_repo/install/four_ws_control/bin'
[2.637s] INFO:colcon.colcon_core.shell:Creating package script '/home/victor/Documents/Controller_testing_repo/install/four_ws_control/share/four_ws_control/package.ps1'
[2.638s] INFO:colcon.colcon_core.shell:Creating package descriptor '/home/victor/Documents/Controller_testing_repo/install/four_ws_control/share/four_ws_control/package.dsv'
[2.638s] INFO:colcon.colcon_core.shell:Creating package script '/home/victor/Documents/Controller_testing_repo/install/four_ws_control/share/four_ws_control/package.sh'
[2.638s] INFO:colcon.colcon_core.shell:Creating package script '/home/victor/Documents/Controller_testing_repo/install/four_ws_control/share/four_ws_control/package.bash'
[2.639s] INFO:colcon.colcon_core.shell:Creating package script '/home/victor/Documents/Controller_testing_repo/install/four_ws_control/share/four_ws_control/package.zsh'
[2.639s] Level 1:colcon.colcon_core.environment:create_file_with_runtime_dependencies(/home/victor/Documents/Controller_testing_repo/install/four_ws_control/share/colcon-core/packages/four_ws_control)
[2.655s] Level 1:colcon.colcon_core.environment:create_environment_scripts_only(basic_mobile_robot)
[2.671s] Level 1:colcon.colcon_core.environment:checking '/home/victor/Documents/Controller_testing_repo/install/basic_mobile_robot' for CMake module files
[2.672s] Level 1:colcon.colcon_core.environment:checking '/home/victor/Documents/Controller_testing_repo/install/basic_mobile_robot' for CMake config files
[2.672s] Level 1:colcon.colcon_core.environment:checking '/home/victor/Documents/Controller_testing_repo/install/basic_mobile_robot/bin'
[2.673s] Level 1:colcon.colcon_core.environment:checking '/home/victor/Documents/Controller_testing_repo/install/basic_mobile_robot/lib/pkgconfig/basic_mobile_robot.pc'
[2.673s] Level 1:colcon.colcon_core.environment:checking '/home/victor/Documents/Controller_testing_repo/install/basic_mobile_robot/lib/python3.10/site-packages'
[2.673s] Level 1:colcon.colcon_core.environment:checking '/home/victor/Documents/Controller_testing_repo/install/basic_mobile_robot/bin'
[2.692s] INFO:colcon.colcon_core.shell:Creating package script '/home/victor/Documents/Controller_testing_repo/install/basic_mobile_robot/share/basic_mobile_robot/package.ps1'
[2.692s] INFO:colcon.colcon_core.shell:Creating package descriptor '/home/victor/Documents/Controller_testing_repo/install/basic_mobile_robot/share/basic_mobile_robot/package.dsv'
[2.693s] INFO:colcon.colcon_core.shell:Creating package script '/home/victor/Documents/Controller_testing_repo/install/basic_mobile_robot/share/basic_mobile_robot/package.sh'
[2.693s] INFO:colcon.colcon_core.shell:Creating package script '/home/victor/Documents/Controller_testing_repo/install/basic_mobile_robot/share/basic_mobile_robot/package.bash'
[2.693s] INFO:colcon.colcon_core.shell:Creating package script '/home/victor/Documents/Controller_testing_repo/install/basic_mobile_robot/share/basic_mobile_robot/package.zsh'
[2.694s] Level 1:colcon.colcon_core.environment:create_file_with_runtime_dependencies(/home/victor/Documents/Controller_testing_repo/install/basic_mobile_robot/share/colcon-core/packages/basic_mobile_robot)
[4.148s] DEBUG:colcon.colcon_parallel_executor.executor.parallel:closing loop
[4.148s] DEBUG:colcon.colcon_parallel_executor.executor.parallel:loop closed
[4.148s] DEBUG:colcon.colcon_parallel_executor.executor.parallel:run_until_complete finished with '1'
[4.148s] DEBUG:colcon.colcon_core.event_reactor:joining thread
[4.169s] INFO:colcon.colcon_core.plugin_system:Skipping extension 'colcon_notification.desktop_notification.terminal_notifier': Not used on non-Darwin systems
[4.169s] INFO:colcon.colcon_core.plugin_system:Skipping extension 'colcon_notification.desktop_notification.win32': Not used on non-Windows systems
[4.169s] INFO:colcon.colcon_notification.desktop_notification:Sending desktop notification using 'notify2'
[4.185s] DEBUG:colcon.colcon_core.event_reactor:joined thread
[4.208s] INFO:colcon.colcon_core.shell:Creating prefix script '/home/victor/Documents/Controller_testing_repo/install/local_setup.ps1'
[4.209s] INFO:colcon.colcon_core.shell:Creating prefix util module '/home/victor/Documents/Controller_testing_repo/install/_local_setup_util_ps1.py'
[4.211s] INFO:colcon.colcon_core.shell:Creating prefix chain script '/home/victor/Documents/Controller_testing_repo/install/setup.ps1'
[4.228s] INFO:colcon.colcon_core.shell:Creating prefix script '/home/victor/Documents/Controller_testing_repo/install/local_setup.sh'
[4.229s] INFO:colcon.colcon_core.shell:Creating prefix util module '/home/victor/Documents/Controller_testing_repo/install/_local_setup_util_sh.py'
[4.229s] INFO:colcon.colcon_core.shell:Creating prefix chain script '/home/victor/Documents/Controller_testing_repo/install/setup.sh'
[4.247s] INFO:colcon.colcon_core.shell:Creating prefix script '/home/victor/Documents/Controller_testing_repo/install/local_setup.bash'
[4.247s] INFO:colcon.colcon_core.shell:Creating prefix chain script '/home/victor/Documents/Controller_testing_repo/install/setup.bash'
[4.264s] INFO:colcon.colcon_core.shell:Creating prefix script '/home/victor/Documents/Controller_testing_repo/install/local_setup.zsh'
[4.264s] INFO:colcon.colcon_core.shell:Creating prefix chain script '/home/victor/Documents/Controller_testing_repo/install/setup.zsh'
