[0.997s] DEBUG:colcon:Command line arguments: ['/usr/bin/colcon', 'build']
[0.997s] DEBUG:colcon:Parsed command line arguments: Namespace(log_base=None, log_level=None, verb_name='build', build_base='build', install_base='install', merge_install=False, symlink_install=False, test_result_base=None, continue_on_error=False, executor='parallel', parallel_workers=12, event_handlers=None, ignore_user_meta=False, metas=['./colcon.meta'], base_paths=['.'], packages_ignore=None, packages_ignore_regex=None, paths=None, packages_up_to=None, packages_up_to_regex=None, packages_above=None, packages_above_and_dependencies=None, packages_above_depth=None, packages_select_by_dep=None, packages_skip_by_dep=None, packages_skip_up_to=None, packages_select_build_failed=False, packages_skip_build_finished=False, packages_select_test_failures=False, packages_skip_test_passed=False, packages_select=None, packages_skip=None, packages_select_regex=None, packages_skip_regex=None, packages_start=None, packages_end=None, allow_overriding=[], cmake_args=None, cmake_target=None, cmake_target_skip_unavailable=False, cmake_clean_cache=False, cmake_clean_first=False, cmake_force_configure=False, ament_cmake_args=None, catkin_cmake_args=None, catkin_skip_building_tests=False, verb_parser=<colcon_defaults.argument_parser.defaults.DefaultArgumentsDecorator object at 0x7f099b2679d0>, verb_extension=<colcon_core.verb.build.BuildVerb object at 0x7f099b6cf8b0>, main=<bound method BuildVerb.main of <colcon_core.verb.build.BuildVerb object at 0x7f099b6cf8b0>>)
[1.043s] Level 1:colcon.colcon_core.package_discovery:discover_packages(colcon_meta) check parameters
[1.043s] Level 1:colcon.colcon_core.package_discovery:discover_packages(recursive) check parameters
[1.043s] Level 1:colcon.colcon_core.package_discovery:discover_packages(ignore) check parameters
[1.043s] Level 1:colcon.colcon_core.package_discovery:discover_packages(path) check parameters
[1.043s] Level 1:colcon.colcon_core.package_discovery:discover_packages(colcon_meta) discover
[1.043s] Level 1:colcon.colcon_core.package_discovery:discover_packages(recursive) discover
[1.043s] INFO:colcon.colcon_core.package_discovery:Crawling recursively for packages in '/home/victor/Documents/Controller_testing_repo'
[1.043s] Level 1:colcon.colcon_core.package_identification:_identify(.) by extensions ['ignore', 'ignore_ament_install']
[1.044s] Level 1:colcon.colcon_core.package_identification:_identify(.) by extension 'ignore'
[1.044s] Level 1:colcon.colcon_core.package_identification:_identify(.) by extension 'ignore_ament_install'
[1.044s] Level 1:colcon.colcon_core.package_identification:_identify(.) by extensions ['colcon_pkg']
[1.044s] Level 1:colcon.colcon_core.package_identification:_identify(.) by extension 'colcon_pkg'
[1.044s] Level 1:colcon.colcon_core.package_identification:_identify(.) by extensions ['colcon_meta']
[1.044s] Level 1:colcon.colcon_core.package_identification:_identify(.) by extension 'colcon_meta'
[1.044s] Level 1:colcon.colcon_core.package_identification:_identify(.) by extensions ['ros']
[1.044s] Level 1:colcon.colcon_core.package_identification:_identify(.) by extension 'ros'
[1.054s] Level 1:colcon.colcon_core.package_identification:_identify(.) by extensions ['cmake', 'python']
[1.054s] Level 1:colcon.colcon_core.package_identification:_identify(.) by extension 'cmake'
[1.054s] Level 1:colcon.colcon_core.package_identification:_identify(.) by extension 'python'
[1.054s] Level 1:colcon.colcon_core.package_identification:_identify(.) by extensions ['python_setup_py']
[1.054s] Level 1:colcon.colcon_core.package_identification:_identify(.) by extension 'python_setup_py'
[1.054s] Level 1:colcon.colcon_core.package_identification:_identify(basic_mobile_robot) by extensions ['ignore', 'ignore_ament_install']
[1.054s] Level 1:colcon.colcon_core.package_identification:_identify(basic_mobile_robot) by extension 'ignore'
[1.054s] Level 1:colcon.colcon_core.package_identification:_identify(basic_mobile_robot) by extension 'ignore_ament_install'
[1.054s] Level 1:colcon.colcon_core.package_identification:_identify(basic_mobile_robot) by extensions ['colcon_pkg']
[1.054s] Level 1:colcon.colcon_core.package_identification:_identify(basic_mobile_robot) by extension 'colcon_pkg'
[1.054s] Level 1:colcon.colcon_core.package_identification:_identify(basic_mobile_robot) by extensions ['colcon_meta']
[1.055s] Level 1:colcon.colcon_core.package_identification:_identify(basic_mobile_robot) by extension 'colcon_meta'
[1.055s] Level 1:colcon.colcon_core.package_identification:_identify(basic_mobile_robot) by extensions ['ros']
[1.055s] Level 1:colcon.colcon_core.package_identification:_identify(basic_mobile_robot) by extension 'ros'
[1.057s] DEBUG:colcon.colcon_core.package_identification:Package 'basic_mobile_robot' with type 'ros.ament_cmake' and name 'basic_mobile_robot'
[1.057s] Level 1:colcon.colcon_core.package_identification:_identify(build) by extensions ['ignore', 'ignore_ament_install']
[1.057s] Level 1:colcon.colcon_core.package_identification:_identify(build) by extension 'ignore'
[1.057s] Level 1:colcon.colcon_core.package_identification:_identify(build) ignored
[1.057s] Level 1:colcon.colcon_core.package_identification:_identify(four_ws_control) by extensions ['ignore', 'ignore_ament_install']
[1.058s] Level 1:colcon.colcon_core.package_identification:_identify(four_ws_control) by extension 'ignore'
[1.058s] Level 1:colcon.colcon_core.package_identification:_identify(four_ws_control) by extension 'ignore_ament_install'
[1.058s] Level 1:colcon.colcon_core.package_identification:_identify(four_ws_control) by extensions ['colcon_pkg']
[1.058s] Level 1:colcon.colcon_core.package_identification:_identify(four_ws_control) by extension 'colcon_pkg'
[1.058s] Level 1:colcon.colcon_core.package_identification:_identify(four_ws_control) by extensions ['colcon_meta']
[1.058s] Level 1:colcon.colcon_core.package_identification:_identify(four_ws_control) by extension 'colcon_meta'
[1.058s] Level 1:colcon.colcon_core.package_identification:_identify(four_ws_control) by extensions ['ros']
[1.058s] Level 1:colcon.colcon_core.package_identification:_identify(four_ws_control) by extension 'ros'
[1.059s] DEBUG:colcon.colcon_core.package_identification:Package 'four_ws_control' with type 'ros.ament_cmake' and name 'four_ws_control'
[1.059s] Level 1:colcon.colcon_core.package_identification:_identify(gazebo_simulation) by extensions ['ignore', 'ignore_ament_install']
[1.059s] Level 1:colcon.colcon_core.package_identification:_identify(gazebo_simulation) by extension 'ignore'
[1.059s] Level 1:colcon.colcon_core.package_identification:_identify(gazebo_simulation) by extension 'ignore_ament_install'
[1.059s] Level 1:colcon.colcon_core.package_identification:_identify(gazebo_simulation) by extensions ['colcon_pkg']
[1.059s] Level 1:colcon.colcon_core.package_identification:_identify(gazebo_simulation) by extension 'colcon_pkg'
[1.059s] Level 1:colcon.colcon_core.package_identification:_identify(gazebo_simulation) by extensions ['colcon_meta']
[1.059s] Level 1:colcon.colcon_core.package_identification:_identify(gazebo_simulation) by extension 'colcon_meta'
[1.059s] Level 1:colcon.colcon_core.package_identification:_identify(gazebo_simulation) by extensions ['ros']
[1.059s] Level 1:colcon.colcon_core.package_identification:_identify(gazebo_simulation) by extension 'ros'
[1.061s] DEBUG:colcon.colcon_core.package_identification:Package 'gazebo_simulation' with type 'ros.ament_cmake' and name 'gazebo_simulation'
[1.061s] Level 1:colcon.colcon_core.package_identification:_identify(install) by extensions ['ignore', 'ignore_ament_install']
[1.061s] Level 1:colcon.colcon_core.package_identification:_identify(install) by extension 'ignore'
[1.061s] Level 1:colcon.colcon_core.package_identification:_identify(install) ignored
[1.061s] Level 1:colcon.colcon_core.package_identification:_identify(log) by extensions ['ignore', 'ignore_ament_install']
[1.061s] Level 1:colcon.colcon_core.package_identification:_identify(log) by extension 'ignore'
[1.061s] Level 1:colcon.colcon_core.package_identification:_identify(log) ignored
[1.061s] Level 1:colcon.colcon_core.package_discovery:discover_packages(recursive) using defaults
[1.061s] Level 1:colcon.colcon_core.package_discovery:discover_packages(ignore) discover
[1.061s] Level 1:colcon.colcon_core.package_discovery:discover_packages(ignore) using defaults
[1.061s] Level 1:colcon.colcon_core.package_discovery:discover_packages(path) discover
[1.062s] Level 1:colcon.colcon_core.package_discovery:discover_packages(path) using defaults
[1.153s] Level 1:colcon.colcon_core.package_discovery:discover_packages(prefix_path) check parameters
[1.153s] Level 1:colcon.colcon_core.package_discovery:discover_packages(prefix_path) discover
[1.183s] DEBUG:colcon.colcon_installed_package_information.package_discovery:Found 3 installed packages in /home/victor/Documents/Controller_testing_repo/install
[1.198s] DEBUG:colcon.colcon_installed_package_information.package_discovery:Found 1 installed packages in /home/victor/forklift_dev_ws/install
[1.214s] DEBUG:colcon.colcon_installed_package_information.package_discovery:Found 387 installed packages in /opt/ros/humble
[1.224s] Level 1:colcon.colcon_core.package_discovery:discover_packages(prefix_path) using defaults
[1.325s] Level 5:colcon.colcon_core.verb:set package 'basic_mobile_robot' build argument 'cmake_args' from command line to 'None'
[1.325s] Level 5:colcon.colcon_core.verb:set package 'basic_mobile_robot' build argument 'cmake_target' from command line to 'None'
[1.325s] Level 5:colcon.colcon_core.verb:set package 'basic_mobile_robot' build argument 'cmake_target_skip_unavailable' from command line to 'False'
[1.325s] Level 5:colcon.colcon_core.verb:set package 'basic_mobile_robot' build argument 'cmake_clean_cache' from command line to 'False'
[1.325s] Level 5:colcon.colcon_core.verb:set package 'basic_mobile_robot' build argument 'cmake_clean_first' from command line to 'False'
[1.325s] Level 5:colcon.colcon_core.verb:set package 'basic_mobile_robot' build argument 'cmake_force_configure' from command line to 'False'
[1.325s] Level 5:colcon.colcon_core.verb:set package 'basic_mobile_robot' build argument 'ament_cmake_args' from command line to 'None'
[1.325s] Level 5:colcon.colcon_core.verb:set package 'basic_mobile_robot' build argument 'catkin_cmake_args' from command line to 'None'
[1.325s] Level 5:colcon.colcon_core.verb:set package 'basic_mobile_robot' build argument 'catkin_skip_building_tests' from command line to 'False'
[1.325s] DEBUG:colcon.colcon_core.verb:Building package 'basic_mobile_robot' with the following arguments: {'ament_cmake_args': None, 'build_base': '/home/victor/Documents/Controller_testing_repo/build/basic_mobile_robot', 'catkin_cmake_args': None, 'catkin_skip_building_tests': False, 'cmake_args': None, 'cmake_clean_cache': False, 'cmake_clean_first': False, 'cmake_force_configure': False, 'cmake_target': None, 'cmake_target_skip_unavailable': False, 'install_base': '/home/victor/Documents/Controller_testing_repo/install/basic_mobile_robot', 'merge_install': False, 'path': '/home/victor/Documents/Controller_testing_repo/basic_mobile_robot', 'symlink_install': False, 'test_result_base': None}
[1.341s] Level 5:colcon.colcon_core.verb:set package 'four_ws_control' build argument 'cmake_args' from command line to 'None'
[1.341s] Level 5:colcon.colcon_core.verb:set package 'four_ws_control' build argument 'cmake_target' from command line to 'None'
[1.341s] Level 5:colcon.colcon_core.verb:set package 'four_ws_control' build argument 'cmake_target_skip_unavailable' from command line to 'False'
[1.341s] Level 5:colcon.colcon_core.verb:set package 'four_ws_control' build argument 'cmake_clean_cache' from command line to 'False'
[1.341s] Level 5:colcon.colcon_core.verb:set package 'four_ws_control' build argument 'cmake_clean_first' from command line to 'False'
[1.341s] Level 5:colcon.colcon_core.verb:set package 'four_ws_control' build argument 'cmake_force_configure' from command line to 'False'
[1.341s] Level 5:colcon.colcon_core.verb:set package 'four_ws_control' build argument 'ament_cmake_args' from command line to 'None'
[1.341s] Level 5:colcon.colcon_core.verb:set package 'four_ws_control' build argument 'catkin_cmake_args' from command line to 'None'
[1.341s] Level 5:colcon.colcon_core.verb:set package 'four_ws_control' build argument 'catkin_skip_building_tests' from command line to 'False'
[1.341s] DEBUG:colcon.colcon_core.verb:Building package 'four_ws_control' with the following arguments: {'ament_cmake_args': None, 'build_base': '/home/victor/Documents/Controller_testing_repo/build/four_ws_control', 'catkin_cmake_args': None, 'catkin_skip_building_tests': False, 'cmake_args': None, 'cmake_clean_cache': False, 'cmake_clean_first': False, 'cmake_force_configure': False, 'cmake_target': None, 'cmake_target_skip_unavailable': False, 'install_base': '/home/victor/Documents/Controller_testing_repo/install/four_ws_control', 'merge_install': False, 'path': '/home/victor/Documents/Controller_testing_repo/four_ws_control', 'symlink_install': False, 'test_result_base': None}
[1.357s] Level 5:colcon.colcon_core.verb:set package 'gazebo_simulation' build argument 'cmake_args' from command line to 'None'
[1.357s] Level 5:colcon.colcon_core.verb:set package 'gazebo_simulation' build argument 'cmake_target' from command line to 'None'
[1.357s] Level 5:colcon.colcon_core.verb:set package 'gazebo_simulation' build argument 'cmake_target_skip_unavailable' from command line to 'False'
[1.357s] Level 5:colcon.colcon_core.verb:set package 'gazebo_simulation' build argument 'cmake_clean_cache' from command line to 'False'
[1.357s] Level 5:colcon.colcon_core.verb:set package 'gazebo_simulation' build argument 'cmake_clean_first' from command line to 'False'
[1.357s] Level 5:colcon.colcon_core.verb:set package 'gazebo_simulation' build argument 'cmake_force_configure' from command line to 'False'
[1.357s] Level 5:colcon.colcon_core.verb:set package 'gazebo_simulation' build argument 'ament_cmake_args' from command line to 'None'
[1.357s] Level 5:colcon.colcon_core.verb:set package 'gazebo_simulation' build argument 'catkin_cmake_args' from command line to 'None'
[1.357s] Level 5:colcon.colcon_core.verb:set package 'gazebo_simulation' build argument 'catkin_skip_building_tests' from command line to 'False'
[1.357s] DEBUG:colcon.colcon_core.verb:Building package 'gazebo_simulation' with the following arguments: {'ament_cmake_args': None, 'build_base': '/home/victor/Documents/Controller_testing_repo/build/gazebo_simulation', 'catkin_cmake_args': None, 'catkin_skip_building_tests': False, 'cmake_args': None, 'cmake_clean_cache': False, 'cmake_clean_first': False, 'cmake_force_configure': False, 'cmake_target': None, 'cmake_target_skip_unavailable': False, 'install_base': '/home/victor/Documents/Controller_testing_repo/install/gazebo_simulation', 'merge_install': False, 'path': '/home/victor/Documents/Controller_testing_repo/gazebo_simulation', 'symlink_install': False, 'test_result_base': None}
[1.372s] INFO:colcon.colcon_core.executor:Executing jobs using 'parallel' executor
[1.387s] DEBUG:colcon.colcon_parallel_executor.executor.parallel:run_until_complete
[1.387s] INFO:colcon.colcon_ros.task.ament_cmake.build:Building ROS package in '/home/victor/Documents/Controller_testing_repo/basic_mobile_robot' with build type 'ament_cmake'
[1.388s] INFO:colcon.colcon_cmake.task.cmake.build:Building CMake package in '/home/victor/Documents/Controller_testing_repo/basic_mobile_robot'
[1.404s] INFO:colcon.colcon_core.plugin_system:Skipping extension 'colcon_core.shell.bat': Not used on non-Windows systems
[1.405s] INFO:colcon.colcon_core.shell:Skip shell extension 'powershell' for command environment: Not usable outside of PowerShell
[1.405s] DEBUG:colcon.colcon_core.shell:Skip shell extension 'dsv' for command environment
[1.466s] INFO:colcon.colcon_ros.task.ament_cmake.build:Building ROS package in '/home/victor/Documents/Controller_testing_repo/four_ws_control' with build type 'ament_cmake'
[1.467s] INFO:colcon.colcon_cmake.task.cmake.build:Building CMake package in '/home/victor/Documents/Controller_testing_repo/four_ws_control'
[1.482s] INFO:colcon.colcon_core.shell:Skip shell extension 'powershell' for command environment: Not usable outside of PowerShell
[1.482s] DEBUG:colcon.colcon_core.shell:Skip shell extension 'dsv' for command environment
[1.545s] INFO:colcon.colcon_ros.task.ament_cmake.build:Building ROS package in '/home/victor/Documents/Controller_testing_repo/gazebo_simulation' with build type 'ament_cmake'
[1.545s] INFO:colcon.colcon_cmake.task.cmake.build:Building CMake package in '/home/victor/Documents/Controller_testing_repo/gazebo_simulation'
[1.560s] INFO:colcon.colcon_core.shell:Skip shell extension 'powershell' for command environment: Not usable outside of PowerShell
[1.560s] DEBUG:colcon.colcon_core.shell:Skip shell extension 'dsv' for command environment
[1.629s] DEBUG:colcon.colcon_core.event_handler.log_command:Invoking command in '/home/victor/Documents/Controller_testing_repo/build/basic_mobile_robot': CMAKE_PREFIX_PATH=${CMAKE_PREFIX_PATH}:/opt/ros/humble /usr/bin/cmake --build /home/victor/Documents/Controller_testing_repo/build/basic_mobile_robot -- -j12 -l12
[1.633s] DEBUG:colcon.colcon_core.event_handler.log_command:Invoking command in '/home/victor/Documents/Controller_testing_repo/build/four_ws_control': CMAKE_PREFIX_PATH=${CMAKE_PREFIX_PATH}:/opt/ros/humble /usr/bin/cmake --build /home/victor/Documents/Controller_testing_repo/build/four_ws_control -- -j12 -l12
[1.636s] DEBUG:colcon.colcon_core.event_handler.log_command:Invoking command in '/home/victor/Documents/Controller_testing_repo/build/gazebo_simulation': CMAKE_PREFIX_PATH=${CMAKE_PREFIX_PATH}:/opt/ros/humble /usr/bin/cmake --build /home/victor/Documents/Controller_testing_repo/build/gazebo_simulation -- -j12 -l12
[1.664s] DEBUG:colcon.colcon_core.event_handler.log_command:Invoked command in '/home/victor/Documents/Controller_testing_repo/build/basic_mobile_robot' returned '0': CMAKE_PREFIX_PATH=${CMAKE_PREFIX_PATH}:/opt/ros/humble /usr/bin/cmake --build /home/victor/Documents/Controller_testing_repo/build/basic_mobile_robot -- -j12 -l12
[1.667s] DEBUG:colcon.colcon_core.event_handler.log_command:Invoked command in '/home/victor/Documents/Controller_testing_repo/build/four_ws_control' returned '0': CMAKE_PREFIX_PATH=${CMAKE_PREFIX_PATH}:/opt/ros/humble /usr/bin/cmake --build /home/victor/Documents/Controller_testing_repo/build/four_ws_control -- -j12 -l12
[1.677s] DEBUG:colcon.colcon_core.event_handler.log_command:Invoked command in '/home/victor/Documents/Controller_testing_repo/build/gazebo_simulation' returned '0': CMAKE_PREFIX_PATH=${CMAKE_PREFIX_PATH}:/opt/ros/humble /usr/bin/cmake --build /home/victor/Documents/Controller_testing_repo/build/gazebo_simulation -- -j12 -l12
[1.695s] DEBUG:colcon.colcon_core.event_handler.log_command:Invoking command in '/home/victor/Documents/Controller_testing_repo/build/basic_mobile_robot': CMAKE_PREFIX_PATH=${CMAKE_PREFIX_PATH}:/opt/ros/humble /usr/bin/cmake --install /home/victor/Documents/Controller_testing_repo/build/basic_mobile_robot
[1.696s] DEBUG:colcon.colcon_core.event_handler.log_command:Invoking command in '/home/victor/Documents/Controller_testing_repo/build/four_ws_control': CMAKE_PREFIX_PATH=${CMAKE_PREFIX_PATH}:/opt/ros/humble /usr/bin/cmake --install /home/victor/Documents/Controller_testing_repo/build/four_ws_control
[1.699s] DEBUG:colcon.colcon_core.event_handler.log_command:Invoking command in '/home/victor/Documents/Controller_testing_repo/build/gazebo_simulation': CMAKE_PREFIX_PATH=${CMAKE_PREFIX_PATH}:/opt/ros/humble /usr/bin/cmake --install /home/victor/Documents/Controller_testing_repo/build/gazebo_simulation
[1.704s] Level 1:colcon.colcon_core.environment:create_environment_scripts_only(basic_mobile_robot)
[1.718s] DEBUG:colcon.colcon_core.event_handler.log_command:Invoked command in '/home/victor/Documents/Controller_testing_repo/build/basic_mobile_robot' returned '0': CMAKE_PREFIX_PATH=${CMAKE_PREFIX_PATH}:/opt/ros/humble /usr/bin/cmake --install /home/victor/Documents/Controller_testing_repo/build/basic_mobile_robot
[1.747s] Level 1:colcon.colcon_core.environment:checking '/home/victor/Documents/Controller_testing_repo/install/basic_mobile_robot' for CMake module files
[1.748s] Level 1:colcon.colcon_core.environment:checking '/home/victor/Documents/Controller_testing_repo/install/basic_mobile_robot' for CMake config files
[1.748s] Level 1:colcon.colcon_core.shell:create_environment_hook('basic_mobile_robot', 'cmake_prefix_path')
[1.765s] INFO:colcon.colcon_core.shell:Creating environment hook '/home/victor/Documents/Controller_testing_repo/install/basic_mobile_robot/share/basic_mobile_robot/hook/cmake_prefix_path.ps1'
[1.765s] INFO:colcon.colcon_core.shell:Creating environment descriptor '/home/victor/Documents/Controller_testing_repo/install/basic_mobile_robot/share/basic_mobile_robot/hook/cmake_prefix_path.dsv'
[1.766s] INFO:colcon.colcon_core.shell:Creating environment hook '/home/victor/Documents/Controller_testing_repo/install/basic_mobile_robot/share/basic_mobile_robot/hook/cmake_prefix_path.sh'
[1.766s] Level 1:colcon.colcon_core.environment:checking '/home/victor/Documents/Controller_testing_repo/install/basic_mobile_robot/bin'
[1.767s] Level 1:colcon.colcon_core.environment:checking '/home/victor/Documents/Controller_testing_repo/install/basic_mobile_robot/lib/pkgconfig/basic_mobile_robot.pc'
[1.767s] Level 1:colcon.colcon_core.environment:checking '/home/victor/Documents/Controller_testing_repo/install/basic_mobile_robot/lib/python3.10/site-packages'
[1.767s] Level 1:colcon.colcon_core.environment:checking '/home/victor/Documents/Controller_testing_repo/install/basic_mobile_robot/bin'
[1.783s] INFO:colcon.colcon_core.shell:Creating package script '/home/victor/Documents/Controller_testing_repo/install/basic_mobile_robot/share/basic_mobile_robot/package.ps1'
[1.784s] INFO:colcon.colcon_core.shell:Creating package descriptor '/home/victor/Documents/Controller_testing_repo/install/basic_mobile_robot/share/basic_mobile_robot/package.dsv'
[1.785s] INFO:colcon.colcon_core.shell:Creating package script '/home/victor/Documents/Controller_testing_repo/install/basic_mobile_robot/share/basic_mobile_robot/package.sh'
[1.785s] INFO:colcon.colcon_core.shell:Creating package script '/home/victor/Documents/Controller_testing_repo/install/basic_mobile_robot/share/basic_mobile_robot/package.bash'
[1.786s] INFO:colcon.colcon_core.shell:Creating package script '/home/victor/Documents/Controller_testing_repo/install/basic_mobile_robot/share/basic_mobile_robot/package.zsh'
[1.786s] Level 1:colcon.colcon_core.environment:create_file_with_runtime_dependencies(/home/victor/Documents/Controller_testing_repo/install/basic_mobile_robot/share/colcon-core/packages/basic_mobile_robot)
[1.788s] Level 1:colcon.colcon_core.environment:create_environment_scripts_only(gazebo_simulation)
[1.789s] DEBUG:colcon.colcon_core.event_handler.log_command:Invoked command in '/home/victor/Documents/Controller_testing_repo/build/gazebo_simulation' returned '0': CMAKE_PREFIX_PATH=${CMAKE_PREFIX_PATH}:/opt/ros/humble /usr/bin/cmake --install /home/victor/Documents/Controller_testing_repo/build/gazebo_simulation
[1.805s] Level 1:colcon.colcon_core.environment:checking '/home/victor/Documents/Controller_testing_repo/install/gazebo_simulation' for CMake module files
[1.806s] Level 1:colcon.colcon_core.environment:checking '/home/victor/Documents/Controller_testing_repo/install/gazebo_simulation' for CMake config files
[1.807s] Level 1:colcon.colcon_core.shell:create_environment_hook('gazebo_simulation', 'cmake_prefix_path')
[1.823s] INFO:colcon.colcon_core.shell:Creating environment hook '/home/victor/Documents/Controller_testing_repo/install/gazebo_simulation/share/gazebo_simulation/hook/cmake_prefix_path.ps1'
[1.823s] INFO:colcon.colcon_core.shell:Creating environment descriptor '/home/victor/Documents/Controller_testing_repo/install/gazebo_simulation/share/gazebo_simulation/hook/cmake_prefix_path.dsv'
[1.823s] INFO:colcon.colcon_core.shell:Creating environment hook '/home/victor/Documents/Controller_testing_repo/install/gazebo_simulation/share/gazebo_simulation/hook/cmake_prefix_path.sh'
[1.824s] Level 1:colcon.colcon_core.environment:checking '/home/victor/Documents/Controller_testing_repo/install/gazebo_simulation/lib'
[1.824s] Level 1:colcon.colcon_core.environment:checking '/home/victor/Documents/Controller_testing_repo/install/gazebo_simulation/bin'
[1.824s] Level 1:colcon.colcon_core.environment:checking '/home/victor/Documents/Controller_testing_repo/install/gazebo_simulation/lib/pkgconfig/gazebo_simulation.pc'
[1.824s] Level 1:colcon.colcon_core.environment:checking '/home/victor/Documents/Controller_testing_repo/install/gazebo_simulation/lib/python3.10/site-packages'
[1.824s] Level 1:colcon.colcon_core.environment:checking '/home/victor/Documents/Controller_testing_repo/install/gazebo_simulation/bin'
[1.842s] INFO:colcon.colcon_core.shell:Creating package script '/home/victor/Documents/Controller_testing_repo/install/gazebo_simulation/share/gazebo_simulation/package.ps1'
[1.842s] INFO:colcon.colcon_core.shell:Creating package descriptor '/home/victor/Documents/Controller_testing_repo/install/gazebo_simulation/share/gazebo_simulation/package.dsv'
[1.843s] INFO:colcon.colcon_core.shell:Creating package script '/home/victor/Documents/Controller_testing_repo/install/gazebo_simulation/share/gazebo_simulation/package.sh'
[1.843s] INFO:colcon.colcon_core.shell:Creating package script '/home/victor/Documents/Controller_testing_repo/install/gazebo_simulation/share/gazebo_simulation/package.bash'
[1.843s] INFO:colcon.colcon_core.shell:Creating package script '/home/victor/Documents/Controller_testing_repo/install/gazebo_simulation/share/gazebo_simulation/package.zsh'
[1.844s] Level 1:colcon.colcon_core.environment:create_file_with_runtime_dependencies(/home/victor/Documents/Controller_testing_repo/install/gazebo_simulation/share/colcon-core/packages/gazebo_simulation)
[1.845s] Level 1:colcon.colcon_core.environment:create_environment_scripts_only(four_ws_control)
[1.845s] DEBUG:colcon.colcon_core.event_handler.log_command:Invoked command in '/home/victor/Documents/Controller_testing_repo/build/four_ws_control' returned '0': CMAKE_PREFIX_PATH=${CMAKE_PREFIX_PATH}:/opt/ros/humble /usr/bin/cmake --install /home/victor/Documents/Controller_testing_repo/build/four_ws_control
[1.862s] Level 1:colcon.colcon_core.environment:checking '/home/victor/Documents/Controller_testing_repo/install/four_ws_control' for CMake module files
[1.862s] Level 1:colcon.colcon_core.environment:checking '/home/victor/Documents/Controller_testing_repo/install/four_ws_control' for CMake config files
[1.862s] Level 1:colcon.colcon_core.shell:create_environment_hook('four_ws_control', 'cmake_prefix_path')
[1.878s] INFO:colcon.colcon_core.shell:Creating environment hook '/home/victor/Documents/Controller_testing_repo/install/four_ws_control/share/four_ws_control/hook/cmake_prefix_path.ps1'
[1.879s] INFO:colcon.colcon_core.shell:Creating environment descriptor '/home/victor/Documents/Controller_testing_repo/install/four_ws_control/share/four_ws_control/hook/cmake_prefix_path.dsv'
[1.879s] INFO:colcon.colcon_core.shell:Creating environment hook '/home/victor/Documents/Controller_testing_repo/install/four_ws_control/share/four_ws_control/hook/cmake_prefix_path.sh'
[1.879s] Level 1:colcon.colcon_core.environment:checking '/home/victor/Documents/Controller_testing_repo/install/four_ws_control/lib'
[1.880s] Level 1:colcon.colcon_core.environment:checking '/home/victor/Documents/Controller_testing_repo/install/four_ws_control/bin'
[1.880s] Level 1:colcon.colcon_core.environment:checking '/home/victor/Documents/Controller_testing_repo/install/four_ws_control/lib/pkgconfig/four_ws_control.pc'
[1.880s] Level 1:colcon.colcon_core.environment:checking '/home/victor/Documents/Controller_testing_repo/install/four_ws_control/lib/python3.10/site-packages'
[1.880s] Level 1:colcon.colcon_core.environment:checking '/home/victor/Documents/Controller_testing_repo/install/four_ws_control/bin'
[1.897s] INFO:colcon.colcon_core.shell:Creating package script '/home/victor/Documents/Controller_testing_repo/install/four_ws_control/share/four_ws_control/package.ps1'
[1.897s] INFO:colcon.colcon_core.shell:Creating package descriptor '/home/victor/Documents/Controller_testing_repo/install/four_ws_control/share/four_ws_control/package.dsv'
[1.897s] INFO:colcon.colcon_core.shell:Creating package script '/home/victor/Documents/Controller_testing_repo/install/four_ws_control/share/four_ws_control/package.sh'
[1.898s] INFO:colcon.colcon_core.shell:Creating package script '/home/victor/Documents/Controller_testing_repo/install/four_ws_control/share/four_ws_control/package.bash'
[1.898s] INFO:colcon.colcon_core.shell:Creating package script '/home/victor/Documents/Controller_testing_repo/install/four_ws_control/share/four_ws_control/package.zsh'
[1.898s] Level 1:colcon.colcon_core.environment:create_file_with_runtime_dependencies(/home/victor/Documents/Controller_testing_repo/install/four_ws_control/share/colcon-core/packages/four_ws_control)
[1.916s] Level 1:colcon.colcon_core.environment:create_environment_scripts_only(basic_mobile_robot)
[1.933s] Level 1:colcon.colcon_core.environment:checking '/home/victor/Documents/Controller_testing_repo/install/basic_mobile_robot' for CMake module files
[1.933s] Level 1:colcon.colcon_core.environment:checking '/home/victor/Documents/Controller_testing_repo/install/basic_mobile_robot' for CMake config files
[1.933s] Level 1:colcon.colcon_core.shell:create_environment_hook('basic_mobile_robot', 'cmake_prefix_path')
[1.948s] INFO:colcon.colcon_core.shell:Creating environment hook '/home/victor/Documents/Controller_testing_repo/install/basic_mobile_robot/share/basic_mobile_robot/hook/cmake_prefix_path.ps1'
[1.948s] INFO:colcon.colcon_core.shell:Creating environment descriptor '/home/victor/Documents/Controller_testing_repo/install/basic_mobile_robot/share/basic_mobile_robot/hook/cmake_prefix_path.dsv'
[1.948s] INFO:colcon.colcon_core.shell:Creating environment hook '/home/victor/Documents/Controller_testing_repo/install/basic_mobile_robot/share/basic_mobile_robot/hook/cmake_prefix_path.sh'
[1.949s] Level 1:colcon.colcon_core.environment:checking '/home/victor/Documents/Controller_testing_repo/install/basic_mobile_robot/bin'
[1.949s] Level 1:colcon.colcon_core.environment:checking '/home/victor/Documents/Controller_testing_repo/install/basic_mobile_robot/lib/pkgconfig/basic_mobile_robot.pc'
[1.949s] Level 1:colcon.colcon_core.environment:checking '/home/victor/Documents/Controller_testing_repo/install/basic_mobile_robot/lib/python3.10/site-packages'
[1.950s] Level 1:colcon.colcon_core.environment:checking '/home/victor/Documents/Controller_testing_repo/install/basic_mobile_robot/bin'
[1.964s] INFO:colcon.colcon_core.shell:Creating package script '/home/victor/Documents/Controller_testing_repo/install/basic_mobile_robot/share/basic_mobile_robot/package.ps1'
[1.964s] INFO:colcon.colcon_core.shell:Creating package descriptor '/home/victor/Documents/Controller_testing_repo/install/basic_mobile_robot/share/basic_mobile_robot/package.dsv'
[1.965s] INFO:colcon.colcon_core.shell:Creating package script '/home/victor/Documents/Controller_testing_repo/install/basic_mobile_robot/share/basic_mobile_robot/package.sh'
[1.965s] INFO:colcon.colcon_core.shell:Creating package script '/home/victor/Documents/Controller_testing_repo/install/basic_mobile_robot/share/basic_mobile_robot/package.bash'
[1.966s] INFO:colcon.colcon_core.shell:Creating package script '/home/victor/Documents/Controller_testing_repo/install/basic_mobile_robot/share/basic_mobile_robot/package.zsh'
[1.966s] Level 1:colcon.colcon_core.environment:create_file_with_runtime_dependencies(/home/victor/Documents/Controller_testing_repo/install/basic_mobile_robot/share/colcon-core/packages/basic_mobile_robot)
[1.982s] Level 1:colcon.colcon_core.environment:create_environment_scripts_only(gazebo_simulation)
[1.996s] Level 1:colcon.colcon_core.environment:checking '/home/victor/Documents/Controller_testing_repo/install/gazebo_simulation' for CMake module files
[1.997s] Level 1:colcon.colcon_core.environment:checking '/home/victor/Documents/Controller_testing_repo/install/gazebo_simulation' for CMake config files
[1.997s] Level 1:colcon.colcon_core.shell:create_environment_hook('gazebo_simulation', 'cmake_prefix_path')
[2.012s] INFO:colcon.colcon_core.shell:Creating environment hook '/home/victor/Documents/Controller_testing_repo/install/gazebo_simulation/share/gazebo_simulation/hook/cmake_prefix_path.ps1'
[2.012s] INFO:colcon.colcon_core.shell:Creating environment descriptor '/home/victor/Documents/Controller_testing_repo/install/gazebo_simulation/share/gazebo_simulation/hook/cmake_prefix_path.dsv'
[2.012s] INFO:colcon.colcon_core.shell:Creating environment hook '/home/victor/Documents/Controller_testing_repo/install/gazebo_simulation/share/gazebo_simulation/hook/cmake_prefix_path.sh'
[2.013s] Level 1:colcon.colcon_core.environment:checking '/home/victor/Documents/Controller_testing_repo/install/gazebo_simulation/lib'
[2.013s] Level 1:colcon.colcon_core.environment:checking '/home/victor/Documents/Controller_testing_repo/install/gazebo_simulation/bin'
[2.013s] Level 1:colcon.colcon_core.environment:checking '/home/victor/Documents/Controller_testing_repo/install/gazebo_simulation/lib/pkgconfig/gazebo_simulation.pc'
[2.014s] Level 1:colcon.colcon_core.environment:checking '/home/victor/Documents/Controller_testing_repo/install/gazebo_simulation/lib/python3.10/site-packages'
[2.014s] Level 1:colcon.colcon_core.environment:checking '/home/victor/Documents/Controller_testing_repo/install/gazebo_simulation/bin'
[2.028s] INFO:colcon.colcon_core.shell:Creating package script '/home/victor/Documents/Controller_testing_repo/install/gazebo_simulation/share/gazebo_simulation/package.ps1'
[2.029s] INFO:colcon.colcon_core.shell:Creating package descriptor '/home/victor/Documents/Controller_testing_repo/install/gazebo_simulation/share/gazebo_simulation/package.dsv'
[2.029s] INFO:colcon.colcon_core.shell:Creating package script '/home/victor/Documents/Controller_testing_repo/install/gazebo_simulation/share/gazebo_simulation/package.sh'
[2.030s] INFO:colcon.colcon_core.shell:Creating package script '/home/victor/Documents/Controller_testing_repo/install/gazebo_simulation/share/gazebo_simulation/package.bash'
[2.030s] INFO:colcon.colcon_core.shell:Creating package script '/home/victor/Documents/Controller_testing_repo/install/gazebo_simulation/share/gazebo_simulation/package.zsh'
[2.031s] Level 1:colcon.colcon_core.environment:create_file_with_runtime_dependencies(/home/victor/Documents/Controller_testing_repo/install/gazebo_simulation/share/colcon-core/packages/gazebo_simulation)
[2.046s] Level 1:colcon.colcon_core.environment:create_environment_scripts_only(four_ws_control)
[2.060s] Level 1:colcon.colcon_core.environment:checking '/home/victor/Documents/Controller_testing_repo/install/four_ws_control' for CMake module files
[2.061s] Level 1:colcon.colcon_core.environment:checking '/home/victor/Documents/Controller_testing_repo/install/four_ws_control' for CMake config files
[2.061s] Level 1:colcon.colcon_core.shell:create_environment_hook('four_ws_control', 'cmake_prefix_path')
[2.075s] INFO:colcon.colcon_core.shell:Creating environment hook '/home/victor/Documents/Controller_testing_repo/install/four_ws_control/share/four_ws_control/hook/cmake_prefix_path.ps1'
[2.075s] INFO:colcon.colcon_core.shell:Creating environment descriptor '/home/victor/Documents/Controller_testing_repo/install/four_ws_control/share/four_ws_control/hook/cmake_prefix_path.dsv'
[2.076s] INFO:colcon.colcon_core.shell:Creating environment hook '/home/victor/Documents/Controller_testing_repo/install/four_ws_control/share/four_ws_control/hook/cmake_prefix_path.sh'
[2.076s] Level 1:colcon.colcon_core.environment:checking '/home/victor/Documents/Controller_testing_repo/install/four_ws_control/lib'
[2.076s] Level 1:colcon.colcon_core.environment:checking '/home/victor/Documents/Controller_testing_repo/install/four_ws_control/bin'
[2.077s] Level 1:colcon.colcon_core.environment:checking '/home/victor/Documents/Controller_testing_repo/install/four_ws_control/lib/pkgconfig/four_ws_control.pc'
[2.077s] Level 1:colcon.colcon_core.environment:checking '/home/victor/Documents/Controller_testing_repo/install/four_ws_control/lib/python3.10/site-packages'
[2.077s] Level 1:colcon.colcon_core.environment:checking '/home/victor/Documents/Controller_testing_repo/install/four_ws_control/bin'
[2.092s] INFO:colcon.colcon_core.shell:Creating package script '/home/victor/Documents/Controller_testing_repo/install/four_ws_control/share/four_ws_control/package.ps1'
[2.092s] INFO:colcon.colcon_core.shell:Creating package descriptor '/home/victor/Documents/Controller_testing_repo/install/four_ws_control/share/four_ws_control/package.dsv'
[2.093s] INFO:colcon.colcon_core.shell:Creating package script '/home/victor/Documents/Controller_testing_repo/install/four_ws_control/share/four_ws_control/package.sh'
[2.093s] INFO:colcon.colcon_core.shell:Creating package script '/home/victor/Documents/Controller_testing_repo/install/four_ws_control/share/four_ws_control/package.bash'
[2.094s] INFO:colcon.colcon_core.shell:Creating package script '/home/victor/Documents/Controller_testing_repo/install/four_ws_control/share/four_ws_control/package.zsh'
[2.094s] Level 1:colcon.colcon_core.environment:create_file_with_runtime_dependencies(/home/victor/Documents/Controller_testing_repo/install/four_ws_control/share/colcon-core/packages/four_ws_control)
[2.094s] DEBUG:colcon.colcon_parallel_executor.executor.parallel:closing loop
[2.094s] DEBUG:colcon.colcon_parallel_executor.executor.parallel:loop closed
[2.094s] DEBUG:colcon.colcon_parallel_executor.executor.parallel:run_until_complete finished with '0'
[2.095s] DEBUG:colcon.colcon_core.event_reactor:joining thread
[2.114s] INFO:colcon.colcon_core.plugin_system:Skipping extension 'colcon_notification.desktop_notification.terminal_notifier': Not used on non-Darwin systems
[2.114s] INFO:colcon.colcon_core.plugin_system:Skipping extension 'colcon_notification.desktop_notification.win32': Not used on non-Windows systems
[2.114s] INFO:colcon.colcon_notification.desktop_notification:Sending desktop notification using 'notify2'
[2.126s] DEBUG:colcon.colcon_core.event_reactor:joined thread
[2.142s] INFO:colcon.colcon_core.shell:Creating prefix script '/home/victor/Documents/Controller_testing_repo/install/local_setup.ps1'
[2.142s] INFO:colcon.colcon_core.shell:Creating prefix util module '/home/victor/Documents/Controller_testing_repo/install/_local_setup_util_ps1.py'
[2.144s] INFO:colcon.colcon_core.shell:Creating prefix chain script '/home/victor/Documents/Controller_testing_repo/install/setup.ps1'
[2.160s] INFO:colcon.colcon_core.shell:Creating prefix script '/home/victor/Documents/Controller_testing_repo/install/local_setup.sh'
[2.160s] INFO:colcon.colcon_core.shell:Creating prefix util module '/home/victor/Documents/Controller_testing_repo/install/_local_setup_util_sh.py'
[2.161s] INFO:colcon.colcon_core.shell:Creating prefix chain script '/home/victor/Documents/Controller_testing_repo/install/setup.sh'
[2.177s] INFO:colcon.colcon_core.shell:Creating prefix script '/home/victor/Documents/Controller_testing_repo/install/local_setup.bash'
[2.177s] INFO:colcon.colcon_core.shell:Creating prefix chain script '/home/victor/Documents/Controller_testing_repo/install/setup.bash'
[2.193s] INFO:colcon.colcon_core.shell:Creating prefix script '/home/victor/Documents/Controller_testing_repo/install/local_setup.zsh'
[2.193s] INFO:colcon.colcon_core.shell:Creating prefix chain script '/home/victor/Documents/Controller_testing_repo/install/setup.zsh'
